[1008/140106.731:ERROR:process_memory_win.cc(73)] ReadMemory at 0x75cf3f90 of 35 bytes failed: Only part of a ReadProcessMemory or WriteProcessMemory request was completed. (0x12B)
[1008/140109.092:WARNING:pe_image_reader.cc(191)] could not read debug directory from C:\Windows\system32\WS2_32.dll
[1008/140109.092:ERROR:process_memory_win.cc(73)] ReadMemory at 0x75cf0000 of 64 bytes failed: Only part of a ReadProcessMemory or WriteProcessMemory request was completed. (0x12B)
[1008/140109.092:WARNING:pe_image_reader.cc(340)] could not read dos header from C:\Windows\system32\WS2_32.dll
[1008/140109.092:ERROR:process_memory_win.cc(73)] ReadMemory at 0x75e90000 of 64 bytes failed: Only part of a ReadProcessMemory or WriteProcessMemory request was completed. (0x12B)
[1008/140109.093:WARNING:pe_image_reader.cc(340)] could not read dos header from C:\Windows\system32\NSI.dll
[1008/140109.093:ERROR:process_memory_win.cc(73)] ReadMemory at 0x75e90000 of 64 bytes failed: Only part of a ReadProcessMemory or WriteProcessMemory request was completed. (0x12B)
[1008/140109.093:WARNING:pe_image_reader.cc(340)] could not read dos header from C:\Windows\system32\NSI.dll
[1008/140109.093:ERROR:process_memory_win.cc(73)] ReadMemory at 0x75610000 of 64 bytes failed: Only part of a ReadProcessMemory or WriteProcessMemory request was completed. (0x12B)
[1008/140109.093:WARNING:pe_image_reader.cc(340)] could not read dos header from C:\Windows\system32\OLEAUT32.dll
[1008/140109.093:ERROR:process_memory_win.cc(73)] ReadMemory at 0x75610000 of 64 bytes failed: Only part of a ReadProcessMemory or WriteProcessMemory request was completed. (0x12B)
[1008/140109.093:WARNING:pe_image_reader.cc(340)] could not read dos header from C:\Windows\system32\OLEAUT32.dll
[1008/140109.093:ERROR:process_memory_win.cc(73)] ReadMemory at 0x75ed0000 of 64 bytes failed: Only part of a ReadProcessMemory or WriteProcessMemory request was completed. (0x12B)
[1008/140109.093:WARNING:pe_image_reader.cc(340)] could not read dos header from C:\Windows\system32\combase.dll
[1008/140109.093:ERROR:process_memory_win.cc(73)] ReadMemory at 0x75ed0000 of 64 bytes failed: Only part of a ReadProcessMemory or WriteProcessMemory request was completed. (0x12B)
[1008/140109.093:WARNING:pe_image_reader.cc(340)] could not read dos header from C:\Windows\system32\combase.dll
[1008/140109.093:ERROR:process_memory_win.cc(73)] ReadMemory at 0x74e00000 of 64 bytes failed: Only part of a ReadProcessMemory or WriteProcessMemory request was completed. (0x12B)
[1008/140109.093:WARNING:pe_image_reader.cc(340)] could not read dos header from C:\Windows\system32\WINTRUST.dll
[1008/140109.093:ERROR:process_memory_win.cc(73)] ReadMemory at 0x74e00000 of 64 bytes failed: Only part of a ReadProcessMemory or WriteProcessMemory request was completed. (0x12B)
[1008/140109.093:WARNING:pe_image_reader.cc(340)] could not read dos header from C:\Windows\system32\WINTRUST.dll
[1008/140109.093:ERROR:process_memory_win.cc(73)] ReadMemory at 0x749c0000 of 64 bytes failed: Only part of a ReadProcessMemory or WriteProcessMemory request was completed. (0x12B)
[1008/140109.093:WARNING:pe_image_reader.cc(340)] could not read dos header from C:\Windows\system32\MSASN1.dll
[1008/140109.093:ERROR:process_memory_win.cc(73)] ReadMemory at 0x749c0000 of 64 bytes failed: Only part of a ReadProcessMemory or WriteProcessMemory request was completed. (0x12B)
[1008/140109.093:WARNING:pe_image_reader.cc(340)] could not read dos header from C:\Windows\system32\MSASN1.dll
[1008/140109.093:ERROR:process_memory_win.cc(73)] ReadMemory at 0x74a20000 of 64 bytes failed: Only part of a ReadProcessMemory or WriteProcessMemory request was completed. (0x12B)
[1008/140109.093:WARNING:pe_image_reader.cc(340)] could not read dos header from C:\Windows\system32\CRYPT32.dll
[1008/140109.094:ERROR:process_memory_win.cc(73)] ReadMemory at 0x74a20000 of 64 bytes failed: Only part of a ReadProcessMemory or WriteProcessMemory request was completed. (0x12B)
[1008/140109.094:WARNING:pe_image_reader.cc(340)] could not read dos header from C:\Windows\system32\CRYPT32.dll
[1008/140109.094:ERROR:process_memory_win.cc(73)] ReadMemory at 0x705b0000 of 64 bytes failed: Only part of a ReadProcessMemory or WriteProcessMemory request was completed. (0x12B)
[1008/140109.094:WARNING:pe_image_reader.cc(340)] could not read dos header from C:\Windows\SYSTEM32\IPHLPAPI.DLL
[1008/140109.094:ERROR:process_memory_win.cc(73)] ReadMemory at 0x705b0000 of 64 bytes failed: Only part of a ReadProcessMemory or WriteProcessMemory request was completed. (0x12B)
[1008/140109.094:WARNING:pe_image_reader.cc(340)] could not read dos header from C:\Windows\SYSTEM32\IPHLPAPI.DLL
[1008/140109.094:ERROR:process_memory_win.cc(73)] ReadMemory at 0x73090000 of 64 bytes failed: Only part of a ReadProcessMemory or WriteProcessMemory request was completed. (0x12B)
[1008/140109.094:WARNING:pe_image_reader.cc(340)] could not read dos header from C:\Windows\SYSTEM32\WINMM.dll
[1008/140109.094:ERROR:process_memory_win.cc(73)] ReadMemory at 0x73090000 of 64 bytes failed: Only part of a ReadProcessMemory or WriteProcessMemory request was completed. (0x12B)
[1008/140109.094:WARNING:pe_image_reader.cc(340)] could not read dos header from C:\Windows\SYSTEM32\WINMM.dll
[1008/140109.094:ERROR:process_memory_win.cc(73)] ReadMemory at 0x75700000 of 64 bytes failed: Only part of a ReadProcessMemory or WriteProcessMemory request was completed. (0x12B)
[1008/140109.094:WARNING:pe_image_reader.cc(340)] could not read dos header from C:\Windows\system32\USER32.dll
[1008/140109.094:ERROR:process_memory_win.cc(73)] ReadMemory at 0x75700000 of 64 bytes failed: Only part of a ReadProcessMemory or WriteProcessMemory request was completed. (0x12B)
[1008/140109.094:WARNING:pe_image_reader.cc(340)] could not read dos header from C:\Windows\system32\USER32.dll
[1008/140109.094:ERROR:process_memory_win.cc(73)] ReadMemory at 0x75a00000 of 64 bytes failed: Only part of a ReadProcessMemory or WriteProcessMemory request was completed. (0x12B)
[1008/140109.094:WARNING:pe_image_reader.cc(340)] could not read dos header from C:\Windows\system32\GDI32.dll
[1008/140109.094:ERROR:process_memory_win.cc(73)] ReadMemory at 0x75a00000 of 64 bytes failed: Only part of a ReadProcessMemory or WriteProcessMemory request was completed. (0x12B)
[1008/140109.094:WARNING:pe_image_reader.cc(340)] could not read dos header from C:\Windows\system32\GDI32.dll
[1008/140109.094:ERROR:process_memory_win.cc(73)] ReadMemory at 0x52bf0000 of 64 bytes failed: Only part of a ReadProcessMemory or WriteProcessMemory request was completed. (0x12B)
[1008/140109.094:WARNING:pe_image_reader.cc(340)] could not read dos header from C:\Windows\SYSTEM32\UIAutomationCore.DLL
[1008/140109.094:ERROR:process_memory_win.cc(73)] ReadMemory at 0x52bf0000 of 64 bytes failed: Only part of a ReadProcessMemory or WriteProcessMemory request was completed. (0x12B)
[1008/140109.094:WARNING:pe_image_reader.cc(340)] could not read dos header from C:\Windows\SYSTEM32\UIAutomationCore.DLL
[1008/140109.094:ERROR:process_memory_win.cc(73)] ReadMemory at 0x6a270000 of 64 bytes failed: Only part of a ReadProcessMemory or WriteProcessMemory request was completed. (0x12B)
[1008/140109.094:WARNING:pe_image_reader.cc(340)] could not read dos header from C:\Windows\SYSTEM32\Secur32.dll
[1008/140109.094:ERROR:process_memory_win.cc(73)] ReadMemory at 0x6a270000 of 64 bytes failed: Only part of a ReadProcessMemory or WriteProcessMemory request was completed. (0x12B)
[1008/140109.094:WARNING:pe_image_reader.cc(340)] could not read dos header from C:\Windows\SYSTEM32\Secur32.dll
[1008/140109.094:ERROR:process_memory_win.cc(73)] ReadMemory at 0x74120000 of 64 bytes failed: Only part of a ReadProcessMemory or WriteProcessMemory request was completed. (0x12B)
[1008/140109.094:WARNING:pe_image_reader.cc(340)] could not read dos header from C:\Windows\SYSTEM32\USERENV.dll
[1008/140109.094:ERROR:process_memory_win.cc(73)] ReadMemory at 0x74120000 of 64 bytes failed: Only part of a ReadProcessMemory or WriteProcessMemory request was completed. (0x12B)
[1008/140109.094:WARNING:pe_image_reader.cc(340)] could not read dos header from C:\Windows\SYSTEM32\USERENV.dll
[1008/140109.094:ERROR:process_memory_win.cc(73)] ReadMemory at 0x749b0000 of 64 bytes failed: Only part of a ReadProcessMemory or WriteProcessMemory request was completed. (0x12B)
[1008/140109.094:WARNING:pe_image_reader.cc(340)] could not read dos header from C:\Windows\system32\profapi.dll
[1008/140109.094:ERROR:process_memory_win.cc(73)] ReadMemory at 0x749b0000 of 64 bytes failed: Only part of a ReadProcessMemory or WriteProcessMemory request was completed. (0x12B)
[1008/140109.094:WARNING:pe_image_reader.cc(340)] could not read dos header from C:\Windows\system32\profapi.dll
[1008/140109.095:ERROR:process_memory_win.cc(73)] ReadMemory at 0x67c90000 of 64 bytes failed: Only part of a ReadProcessMemory or WriteProcessMemory request was completed. (0x12B)
[1008/140109.095:WARNING:pe_image_reader.cc(340)] could not read dos header from C:\Windows\SYSTEM32\DWrite.dll
[1008/140109.095:ERROR:process_memory_win.cc(73)] ReadMemory at 0x67c90000 of 64 bytes failed: Only part of a ReadProcessMemory or WriteProcessMemory request was completed. (0x12B)
[1008/140109.095:WARNING:pe_image_reader.cc(340)] could not read dos header from C:\Windows\SYSTEM32\DWrite.dll
[1008/140109.095:ERROR:process_memory_win.cc(73)] ReadMemory at 0x6c3d0000 of 64 bytes failed: Only part of a ReadProcessMemory or WriteProcessMemory request was completed. (0x12B)
[1008/140109.095:WARNING:pe_image_reader.cc(340)] could not read dos header from C:\Windows\SYSTEM32\WINSPOOL.DRV
[1008/140109.095:ERROR:process_memory_win.cc(73)] ReadMemory at 0x6c3d0000 of 64 bytes failed: Only part of a ReadProcessMemory or WriteProcessMemory request was completed. (0x12B)
[1008/140109.095:WARNING:pe_image_reader.cc(340)] could not read dos header from C:\Windows\SYSTEM32\WINSPOOL.DRV
[1008/140109.095:ERROR:process_memory_win.cc(73)] ReadMemory at 0x71080000 of 64 bytes failed: Only part of a ReadProcessMemory or WriteProcessMemory request was completed. (0x12B)
[1008/140109.095:WARNING:pe_image_reader.cc(340)] could not read dos header from C:\Windows\SYSTEM32\dbghelp.dll
[1008/140109.095:ERROR:process_memory_win.cc(73)] ReadMemory at 0x71080000 of 64 bytes failed: Only part of a ReadProcessMemory or WriteProcessMemory request was completed. (0x12B)
[1008/140109.095:WARNING:pe_image_reader.cc(340)] could not read dos header from C:\Windows\SYSTEM32\dbghelp.dll
[1008/140109.095:ERROR:process_memory_win.cc(73)] ReadMemory at 0x700e0000 of 64 bytes failed: Only part of a ReadProcessMemory or WriteProcessMemory request was completed. (0x12B)
[1008/140109.095:WARNING:pe_image_reader.cc(340)] could not read dos header from C:\Windows\SYSTEM32\WINHTTP.dll
[1008/140109.095:ERROR:process_memory_win.cc(73)] ReadMemory at 0x700e0000 of 64 bytes failed: Only part of a ReadProcessMemory or WriteProcessMemory request was completed. (0x12B)
[1008/140109.095:WARNING:pe_image_reader.cc(340)] could not read dos header from C:\Windows\SYSTEM32\WINHTTP.dll
[1008/140109.095:ERROR:process_memory_win.cc(73)] ReadMemory at 0x701e0000 of 64 bytes failed: Only part of a ReadProcessMemory or WriteProcessMemory request was completed. (0x12B)
[1008/140109.095:WARNING:pe_image_reader.cc(340)] could not read dos header from C:\Windows\SYSTEM32\dhcpcsvc.DLL
[1008/140109.095:ERROR:process_memory_win.cc(73)] ReadMemory at 0x701e0000 of 64 bytes failed: Only part of a ReadProcessMemory or WriteProcessMemory request was completed. (0x12B)
[1008/140109.095:WARNING:pe_image_reader.cc(340)] could not read dos header from C:\Windows\SYSTEM32\dhcpcsvc.DLL
[1008/140109.095:ERROR:process_memory_win.cc(73)] ReadMemory at 0x70640000 of 64 bytes failed: Only part of a ReadProcessMemory or WriteProcessMemory request was completed. (0x12B)
[1008/140109.095:WARNING:pe_image_reader.cc(340)] could not read dos header from C:\Windows\SYSTEM32\WINNSI.DLL
[1008/140109.095:ERROR:process_memory_win.cc(73)] ReadMemory at 0x70640000 of 64 bytes failed: Only part of a ReadProcessMemory or WriteProcessMemory request was completed. (0x12B)
[1008/140109.095:WARNING:pe_image_reader.cc(340)] could not read dos header from C:\Windows\SYSTEM32\WINNSI.DLL
[1008/140109.095:ERROR:process_memory_win.cc(73)] ReadMemory at 0x73030000 of 64 bytes failed: Only part of a ReadProcessMemory or WriteProcessMemory request was completed. (0x12B)
[1008/140109.095:WARNING:pe_image_reader.cc(340)] could not read dos header from C:\Windows\SYSTEM32\WINMMBASE.dll
[1008/140109.095:ERROR:process_memory_win.cc(73)] ReadMemory at 0x73030000 of 64 bytes failed: Only part of a ReadProcessMemory or WriteProcessMemory request was completed. (0x12B)
[1008/140109.095:WARNING:pe_image_reader.cc(340)] could not read dos header from C:\Windows\SYSTEM32\WINMMBASE.dll
[1008/140109.095:ERROR:process_memory_win.cc(73)] ReadMemory at 0x74c40000 of 64 bytes failed: Only part of a ReadProcessMemory or WriteProcessMemory request was completed. (0x12B)
[1008/140109.095:WARNING:pe_image_reader.cc(340)] could not read dos header from C:\Windows\system32\cfgmgr32.dll
[1008/140109.095:ERROR:process_memory_win.cc(73)] ReadMemory at 0x74c40000 of 64 bytes failed: Only part of a ReadProcessMemory or WriteProcessMemory request was completed. (0x12B)
[1008/140109.095:WARNING:pe_image_reader.cc(340)] could not read dos header from C:\Windows\system32\cfgmgr32.dll
[1008/140109.095:ERROR:process_memory_win.cc(73)] ReadMemory at 0x74820000 of 64 bytes failed: Only part of a ReadProcessMemory or WriteProcessMemory request was completed. (0x12B)
[1008/140109.095:WARNING:pe_image_reader.cc(340)] could not read dos header from C:\Windows\SYSTEM32\bcrypt.dll
[1008/140109.095:ERROR:process_memory_win.cc(73)] ReadMemory at 0x74820000 of 64 bytes failed: Only part of a ReadProcessMemory or WriteProcessMemory request was completed. (0x12B)
[1008/140109.096:WARNING:pe_image_reader.cc(340)] could not read dos header from C:\Windows\SYSTEM32\bcrypt.dll
[1008/140109.096:ERROR:process_memory_win.cc(73)] ReadMemory at 0x73720000 of 64 bytes failed: Only part of a ReadProcessMemory or WriteProcessMemory request was completed. (0x12B)
[1008/140109.096:WARNING:pe_image_reader.cc(340)] could not read dos header from C:\Windows\SYSTEM32\DEVOBJ.dll
[1008/140109.096:ERROR:process_memory_win.cc(73)] ReadMemory at 0x73720000 of 64 bytes failed: Only part of a ReadProcessMemory or WriteProcessMemory request was completed. (0x12B)
[1008/140109.096:WARNING:pe_image_reader.cc(340)] could not read dos header from C:\Windows\SYSTEM32\DEVOBJ.dll
[1008/140109.096:ERROR:process_memory_win.cc(73)] ReadMemory at 0x74620000 of 64 bytes failed: Only part of a ReadProcessMemory or WriteProcessMemory request was completed. (0x12B)
[1008/140109.096:WARNING:pe_image_reader.cc(340)] could not read dos header from C:\Windows\SYSTEM32\SSPICLI.DLL
[1008/140109.096:ERROR:process_memory_win.cc(73)] ReadMemory at 0x74620000 of 64 bytes failed: Only part of a ReadProcessMemory or WriteProcessMemory request was completed. (0x12B)
[1008/140109.096:WARNING:pe_image_reader.cc(340)] could not read dos header from C:\Windows\SYSTEM32\SSPICLI.DLL
[1008/140109.096:ERROR:process_memory_win.cc(73)] ReadMemory at 0x75ea0000 of 64 bytes failed: Only part of a ReadProcessMemory or WriteProcessMemory request was completed. (0x12B)
[1008/140109.096:WARNING:pe_image_reader.cc(340)] could not read dos header from C:\Windows\system32\IMM32.DLL
[1008/140109.096:ERROR:process_memory_win.cc(73)] ReadMemory at 0x75ea0000 of 64 bytes failed: Only part of a ReadProcessMemory or WriteProcessMemory request was completed. (0x12B)
[1008/140109.096:WARNING:pe_image_reader.cc(340)] could not read dos header from C:\Windows\system32\IMM32.DLL
[1008/140109.096:ERROR:process_memory_win.cc(73)] ReadMemory at 0x75330000 of 64 bytes failed: Only part of a ReadProcessMemory or WriteProcessMemory request was completed. (0x12B)
[1008/140109.096:WARNING:pe_image_reader.cc(340)] could not read dos header from C:\Windows\system32\MSCTF.dll
[1008/140109.096:ERROR:process_memory_win.cc(73)] ReadMemory at 0x75330000 of 64 bytes failed: Only part of a ReadProcessMemory or WriteProcessMemory request was completed. (0x12B)
[1008/140109.096:WARNING:pe_image_reader.cc(340)] could not read dos header from C:\Windows\system32\MSCTF.dll
[1008/140109.096:ERROR:process_memory_win.cc(73)] ReadMemory at 0x74840000 of 64 bytes failed: Only part of a ReadProcessMemory or WriteProcessMemory request was completed. (0x12B)
[1008/140109.096:WARNING:pe_image_reader.cc(340)] could not read dos header from C:\Windows\SYSTEM32\bcryptPrimitives.dll
[1008/140109.096:ERROR:process_memory_win.cc(73)] ReadMemory at 0x74840000 of 64 bytes failed: Only part of a ReadProcessMemory or WriteProcessMemory request was completed. (0x12B)
[1008/140109.096:WARNING:pe_image_reader.cc(340)] could not read dos header from C:\Windows\SYSTEM32\bcryptPrimitives.dll
[1008/140109.096:ERROR:process_memory_win.cc(73)] ReadMemory at 0x75bf0000 of 64 bytes failed: Only part of a ReadProcessMemory or WriteProcessMemory request was completed. (0x12B)
[1008/140109.096:WARNING:pe_image_reader.cc(340)] could not read dos header from C:\Windows\system32\ole32.dll
[1008/140109.096:ERROR:process_memory_win.cc(73)] ReadMemory at 0x75bf0000 of 64 bytes failed: Only part of a ReadProcessMemory or WriteProcessMemory request was completed. (0x12B)
[1008/140109.096:WARNING:pe_image_reader.cc(340)] could not read dos header from C:\Windows\system32\ole32.dll
[1008/140109.096:ERROR:process_memory_win.cc(73)] ReadMemory at 0x74650000 of 64 bytes failed: Only part of a ReadProcessMemory or WriteProcessMemory request was completed. (0x12B)
[1008/140109.096:WARNING:pe_image_reader.cc(340)] could not read dos header from C:\Windows\SYSTEM32\CRYPTBASE.DLL
[1008/140109.096:ERROR:process_memory_win.cc(73)] ReadMemory at 0x74650000 of 64 bytes failed: Only part of a ReadProcessMemory or WriteProcessMemory request was completed. (0x12B)
[1008/140109.096:WARNING:pe_image_reader.cc(340)] could not read dos header from C:\Windows\SYSTEM32\CRYPTBASE.DLL
[1008/140109.096:ERROR:process_memory_win.cc(73)] ReadMemory at 0x7795a324 of 4 bytes failed: Only part of a ReadProcessMemory or WriteProcessMemory request was completed. (0x12B)
[1008/140109.096:ERROR:process_snapshot_win.cc(311)] failed to read target address
[1008/140112.234:ERROR:process_memory_win.cc(73)] ReadMemory at 0x850000 of 64 bytes failed: Only part of a ReadProcessMemory or WriteProcessMemory request was completed. (0x12B)
[1008/140112.234:WARNING:pe_image_reader.cc(340)] could not read dos header from C:\Program Files\Google\Chrome\Application\chrome.exe
[1008/140112.234:ERROR:process_memory_win.cc(73)] ReadMemory at 0x77850000 of 64 bytes failed: Only part of a ReadProcessMemory or WriteProcessMemory request was completed. (0x12B)
[1008/140112.234:WARNING:pe_image_reader.cc(340)] could not read dos header from C:\Windows\SYSTEM32\ntdll.dll
[1008/140112.234:ERROR:process_memory_win.cc(73)] ReadMemory at 0x75450000 of 64 bytes failed: Only part of a ReadProcessMemory or WriteProcessMemory request was completed. (0x12B)
[1008/140112.234:WARNING:pe_image_reader.cc(340)] could not read dos header from C:\Windows\system32\KERNEL32.dll
[1008/140112.234:ERROR:process_memory_win.cc(73)] ReadMemory at 0x74c80000 of 64 bytes failed: Only part of a ReadProcessMemory or WriteProcessMemory request was completed. (0x12B)
[1008/140112.234:WARNING:pe_image_reader.cc(340)] could not read dos header from C:\Windows\system32\KERNELBASE.dll
[1008/140112.234:ERROR:process_memory_win.cc(73)] ReadMemory at 0x77a20000 of 64 bytes failed: Only part of a ReadProcessMemory or WriteProcessMemory request was completed. (0x12B)
[1008/140112.234:WARNING:pe_image_reader.cc(340)] could not read dos header from C:\Program Files\Google\Chrome\Application\85.0.4183.121\chrome_elf.dll
[1008/140112.234:ERROR:process_memory_win.cc(73)] ReadMemory at 0x70800000 of 64 bytes failed: Only part of a ReadProcessMemory or WriteProcessMemory request was completed. (0x12B)
[1008/140112.234:WARNING:pe_image_reader.cc(340)] could not read dos header from C:\Windows\SYSTEM32\VERSION.dll
[1008/140112.234:ERROR:process_memory_win.cc(73)] ReadMemory at 0x754f0000 of 64 bytes failed: Only part of a ReadProcessMemory or WriteProcessMemory request was completed. (0x12B)
[1008/140112.234:WARNING:pe_image_reader.cc(340)] could not read dos header from C:\Windows\system32\msvcrt.dll
[1008/140112.234:ERROR:process_memory_win.cc(73)] ReadMemory at 0x75b60000 of 64 bytes failed: Only part of a ReadProcessMemory or WriteProcessMemory request was completed. (0x12B)
[1008/140112.234:WARNING:pe_image_reader.cc(340)] could not read dos header from C:\Windows\system32\ADVAPI32.dll
[1008/140112.234:ERROR:process_memory_win.cc(73)] ReadMemory at 0x756b0000 of 64 bytes failed: Only part of a ReadProcessMemory or WriteProcessMemory request was completed. (0x12B)
[1008/140112.234:WARNING:pe_image_reader.cc(340)] could not read dos header from C:\Windows\system32\sechost.dll
[1008/140112.234:ERROR:process_memory_win.cc(73)] ReadMemory at 0x77540000 of 64 bytes failed: Only part of a ReadProcessMemory or WriteProcessMemory request was completed. (0x12B)
[1008/140112.234:WARNING:pe_image_reader.cc(340)] could not read dos header from C:\Windows\system32\RPCRT4.dll
[1008/140112.234:ERROR:process_memory_win.cc(73)] ReadMemory at 0xf940000 of 64 bytes failed: Only part of a ReadProcessMemory or WriteProcessMemory request was completed. (0x12B)
[1008/140112.234:WARNING:pe_image_reader.cc(340)] could not read dos header from C:\Program Files\Google\Chrome\Application\85.0.4183.121\chrome.dll
[1008/140112.234:ERROR:process_memory_win.cc(73)] ReadMemory at 0x75cf0000 of 64 bytes failed: Only part of a ReadProcessMemory or WriteProcessMemory request was completed. (0x12B)
[1008/140112.234:WARNING:pe_image_reader.cc(340)] could not read dos header from C:\Windows\system32\WS2_32.dll
[1008/140112.234:ERROR:process_memory_win.cc(73)] ReadMemory at 0x75e90000 of 64 bytes failed: Only part of a ReadProcessMemory or WriteProcessMemory request was completed. (0x12B)
[1008/140112.234:WARNING:pe_image_reader.cc(340)] could not read dos header from C:\Windows\system32\NSI.dll
[1008/140112.234:ERROR:process_memory_win.cc(73)] ReadMemory at 0x75610000 of 64 bytes failed: Only part of a ReadProcessMemory or WriteProcessMemory request was completed. (0x12B)
[1008/140112.234:WARNING:pe_image_reader.cc(340)] could not read dos header from C:\Windows\system32\OLEAUT32.dll
[1008/140112.234:ERROR:process_memory_win.cc(73)] ReadMemory at 0x75ed0000 of 64 bytes failed: Only part of a ReadProcessMemory or WriteProcessMemory request was completed. (0x12B)
[1008/140112.234:WARNING:pe_image_reader.cc(340)] could not read dos header from C:\Windows\system32\combase.dll
[1008/140112.234:ERROR:process_memory_win.cc(73)] ReadMemory at 0x74e00000 of 64 bytes failed: Only part of a ReadProcessMemory or WriteProcessMemory request was completed. (0x12B)
[1008/140112.234:WARNING:pe_image_reader.cc(340)] could not read dos header from C:\Windows\system32\WINTRUST.dll
[1008/140112.234:ERROR:process_memory_win.cc(73)] ReadMemory at 0x749c0000 of 64 bytes failed: Only part of a ReadProcessMemory or WriteProcessMemory request was completed. (0x12B)
[1008/140112.234:WARNING:pe_image_reader.cc(340)] could not read dos header from C:\Windows\system32\MSASN1.dll
[1008/140112.234:ERROR:process_memory_win.cc(73)] ReadMemory at 0x74a20000 of 64 bytes failed: Only part of a ReadProcessMemory or WriteProcessMemory request was completed. (0x12B)
[1008/140112.234:WARNING:pe_image_reader.cc(340)] could not read dos header from C:\Windows\system32\CRYPT32.dll
[1008/140112.234:ERROR:process_memory_win.cc(73)] ReadMemory at 0x705b0000 of 64 bytes failed: Only part of a ReadProcessMemory or WriteProcessMemory request was completed. (0x12B)
[1008/140112.234:WARNING:pe_image_reader.cc(340)] could not read dos header from C:\Windows\SYSTEM32\IPHLPAPI.DLL
[1008/140112.234:ERROR:process_memory_win.cc(73)] ReadMemory at 0x73090000 of 64 bytes failed: Only part of a ReadProcessMemory or WriteProcessMemory request was completed. (0x12B)
[1008/140112.234:WARNING:pe_image_reader.cc(340)] could not read dos header from C:\Windows\SYSTEM32\WINMM.dll
[1008/140112.234:ERROR:process_memory_win.cc(73)] ReadMemory at 0x75700000 of 64 bytes failed: Only part of a ReadProcessMemory or WriteProcessMemory request was completed. (0x12B)
[1008/140112.234:WARNING:pe_image_reader.cc(340)] could not read dos header from C:\Windows\system32\USER32.dll
[1008/140112.234:ERROR:process_memory_win.cc(73)] ReadMemory at 0x75a00000 of 64 bytes failed: Only part of a ReadProcessMemory or WriteProcessMemory request was completed. (0x12B)
[1008/140112.234:WARNING:pe_image_reader.cc(340)] could not read dos header from C:\Windows\system32\GDI32.dll
[1008/140112.234:ERROR:process_memory_win.cc(73)] ReadMemory at 0x52bf0000 of 64 bytes failed: Only part of a ReadProcessMemory or WriteProcessMemory request was completed. (0x12B)
[1008/140112.234:WARNING:pe_image_reader.cc(340)] could not read dos header from C:\Windows\SYSTEM32\UIAutomationCore.DLL
[1008/140112.234:ERROR:process_memory_win.cc(73)] ReadMemory at 0x6a270000 of 64 bytes failed: Only part of a ReadProcessMemory or WriteProcessMemory request was completed. (0x12B)
[1008/140112.234:WARNING:pe_image_reader.cc(340)] could not read dos header from C:\Windows\SYSTEM32\Secur32.dll
[1008/140112.235:ERROR:process_memory_win.cc(73)] ReadMemory at 0x74120000 of 64 bytes failed: Only part of a ReadProcessMemory or WriteProcessMemory request was completed. (0x12B)
[1008/140112.235:WARNING:pe_image_reader.cc(340)] could not read dos header from C:\Windows\SYSTEM32\USERENV.dll
[1008/140112.235:ERROR:process_memory_win.cc(73)] ReadMemory at 0x749b0000 of 64 bytes failed: Only part of a ReadProcessMemory or WriteProcessMemory request was completed. (0x12B)
[1008/140112.235:WARNING:pe_image_reader.cc(340)] could not read dos header from C:\Windows\system32\profapi.dll
[1008/140112.235:ERROR:process_memory_win.cc(73)] ReadMemory at 0x67c90000 of 64 bytes failed: Only part of a ReadProcessMemory or WriteProcessMemory request was completed. (0x12B)
[1008/140112.235:WARNING:pe_image_reader.cc(340)] could not read dos header from C:\Windows\SYSTEM32\DWrite.dll
[1008/140112.235:ERROR:process_memory_win.cc(73)] ReadMemory at 0x6c3d0000 of 64 bytes failed: Only part of a ReadProcessMemory or WriteProcessMemory request was completed. (0x12B)
[1008/140112.235:WARNING:pe_image_reader.cc(340)] could not read dos header from C:\Windows\SYSTEM32\WINSPOOL.DRV
[1008/140112.235:ERROR:process_memory_win.cc(73)] ReadMemory at 0x71080000 of 64 bytes failed: Only part of a ReadProcessMemory or WriteProcessMemory request was completed. (0x12B)
[1008/140112.235:WARNING:pe_image_reader.cc(340)] could not read dos header from C:\Windows\SYSTEM32\dbghelp.dll
[1008/140112.235:ERROR:process_memory_win.cc(73)] ReadMemory at 0x700e0000 of 64 bytes failed: Only part of a ReadProcessMemory or WriteProcessMemory request was completed. (0x12B)
[1008/140112.235:WARNING:pe_image_reader.cc(340)] could not read dos header from C:\Windows\SYSTEM32\WINHTTP.dll
[1008/140112.235:ERROR:process_memory_win.cc(73)] ReadMemory at 0x701e0000 of 64 bytes failed: Only part of a ReadProcessMemory or WriteProcessMemory request was completed. (0x12B)
[1008/140112.235:WARNING:pe_image_reader.cc(340)] could not read dos header from C:\Windows\SYSTEM32\dhcpcsvc.DLL
[1008/140112.235:ERROR:process_memory_win.cc(73)] ReadMemory at 0x70640000 of 64 bytes failed: Only part of a ReadProcessMemory or WriteProcessMemory request was completed. (0x12B)
[1008/140112.235:WARNING:pe_image_reader.cc(340)] could not read dos header from C:\Windows\SYSTEM32\WINNSI.DLL
[1008/140112.235:ERROR:process_memory_win.cc(73)] ReadMemory at 0x73030000 of 64 bytes failed: Only part of a ReadProcessMemory or WriteProcessMemory request was completed. (0x12B)
[1008/140112.235:WARNING:pe_image_reader.cc(340)] could not read dos header from C:\Windows\SYSTEM32\WINMMBASE.dll
[1008/140112.235:ERROR:process_memory_win.cc(73)] ReadMemory at 0x74c40000 of 64 bytes failed: Only part of a ReadProcessMemory or WriteProcessMemory request was completed. (0x12B)
[1008/140112.235:WARNING:pe_image_reader.cc(340)] could not read dos header from C:\Windows\system32\cfgmgr32.dll
[1008/140112.235:ERROR:process_memory_win.cc(73)] ReadMemory at 0x74820000 of 64 bytes failed: Only part of a ReadProcessMemory or WriteProcessMemory request was completed. (0x12B)
[1008/140112.575:WARNING:pe_image_reader.cc(340)] could not read dos header from C:\Windows\SYSTEM32\bcrypt.dll
[1008/140112.575:ERROR:process_memory_win.cc(73)] ReadMemory at 0x73720000 of 64 bytes failed: Only part of a ReadProcessMemory or WriteProcessMemory request was completed. (0x12B)
[1008/140112.575:WARNING:pe_image_reader.cc(340)] could not read dos header from C:\Windows\SYSTEM32\DEVOBJ.dll
[1008/140112.575:ERROR:process_memory_win.cc(73)] ReadMemory at 0x74620000 of 64 bytes failed: Only part of a ReadProcessMemory or WriteProcessMemory request was completed. (0x12B)
[1008/140112.576:WARNING:pe_image_reader.cc(340)] could not read dos header from C:\Windows\SYSTEM32\SSPICLI.DLL
[1008/140112.576:ERROR:process_memory_win.cc(73)] ReadMemory at 0x75ea0000 of 64 bytes failed: Only part of a ReadProcessMemory or WriteProcessMemory request was completed. (0x12B)
[1008/140112.576:WARNING:pe_image_reader.cc(340)] could not read dos header from C:\Windows\system32\IMM32.DLL
[1008/140112.576:ERROR:process_memory_win.cc(73)] ReadMemory at 0x75330000 of 64 bytes failed: Only part of a ReadProcessMemory or WriteProcessMemory request was completed. (0x12B)
[1008/140112.576:WARNING:pe_image_reader.cc(340)] could not read dos header from C:\Windows\system32\MSCTF.dll
[1008/140112.576:ERROR:process_memory_win.cc(73)] ReadMemory at 0x74840000 of 64 bytes failed: Only part of a ReadProcessMemory or WriteProcessMemory request was completed. (0x12B)
[1008/140112.576:WARNING:pe_image_reader.cc(340)] could not read dos header from C:\Windows\SYSTEM32\bcryptPrimitives.dll
[1008/140112.576:ERROR:process_memory_win.cc(73)] ReadMemory at 0x75bf0000 of 64 bytes failed: Only part of a ReadProcessMemory or WriteProcessMemory request was completed. (0x12B)
[1008/140112.576:WARNING:pe_image_reader.cc(340)] could not read dos header from C:\Windows\system32\ole32.dll
[1008/140112.576:ERROR:process_memory_win.cc(73)] ReadMemory at 0x74650000 of 64 bytes failed: Only part of a ReadProcessMemory or WriteProcessMemory request was completed. (0x12B)
[1008/140112.576:WARNING:pe_image_reader.cc(340)] could not read dos header from C:\Windows\SYSTEM32\CRYPTBASE.DLL
[1008/140112.886:ERROR:process_memory_win.cc(73)] ReadMemory at 0x850000 of 64 bytes failed: Only part of a ReadProcessMemory or WriteProcessMemory request was completed. (0x12B)
[1008/140112.886:WARNING:pe_image_reader.cc(340)] could not read dos header from C:\Program Files\Google\Chrome\Application\chrome.exe
[1008/140112.886:ERROR:process_memory_win.cc(73)] ReadMemory at 0x850000 of 64 bytes failed: Only part of a ReadProcessMemory or WriteProcessMemory request was completed. (0x12B)
[1008/140112.886:WARNING:pe_image_reader.cc(340)] could not read dos header from C:\Program Files\Google\Chrome\Application\chrome.exe
[1008/140112.887:ERROR:process_memory_win.cc(73)] ReadMemory at 0x77850000 of 64 bytes failed: Only part of a ReadProcessMemory or WriteProcessMemory request was completed. (0x12B)
[1008/140112.887:WARNING:pe_image_reader.cc(340)] could not read dos header from C:\Windows\SYSTEM32\ntdll.dll
[1008/140112.887:ERROR:process_memory_win.cc(73)] ReadMemory at 0x77850000 of 64 bytes failed: Only part of a ReadProcessMemory or WriteProcessMemory request was completed. (0x12B)
[1008/140112.887:WARNING:pe_image_reader.cc(340)] could not read dos header from C:\Windows\SYSTEM32\ntdll.dll
[1008/140112.887:ERROR:process_memory_win.cc(73)] ReadMemory at 0x75450000 of 64 bytes failed: Only part of a ReadProcessMemory or WriteProcessMemory request was completed. (0x12B)
[1008/140112.887:WARNING:pe_image_reader.cc(340)] could not read dos header from C:\Windows\system32\KERNEL32.dll
[1008/140112.887:ERROR:process_memory_win.cc(73)] ReadMemory at 0x75450000 of 64 bytes failed: Only part of a ReadProcessMemory or WriteProcessMemory request was completed. (0x12B)
[1008/140112.887:WARNING:pe_image_reader.cc(340)] could not read dos header from C:\Windows\system32\KERNEL32.dll
[1008/140112.887:ERROR:process_memory_win.cc(73)] ReadMemory at 0x74c80000 of 64 bytes failed: Only part of a ReadProcessMemory or WriteProcessMemory request was completed. (0x12B)
[1008/140112.887:WARNING:pe_image_reader.cc(340)] could not read dos header from C:\Windows\system32\KERNELBASE.dll
[1008/140112.887:ERROR:process_memory_win.cc(73)] ReadMemory at 0x74c80000 of 64 bytes failed: Only part of a ReadProcessMemory or WriteProcessMemory request was completed. (0x12B)
[1008/140112.887:WARNING:pe_image_reader.cc(340)] could not read dos header from C:\Windows\system32\KERNELBASE.dll
[1008/140112.887:ERROR:process_memory_win.cc(73)] ReadMemory at 0x77a20000 of 64 bytes failed: Only part of a ReadProcessMemory or WriteProcessMemory request was completed. (0x12B)
[1008/140112.887:WARNING:pe_image_reader.cc(340)] could not read dos header from C:\Program Files\Google\Chrome\Application\85.0.4183.121\chrome_elf.dll
[1008/140112.887:ERROR:process_memory_win.cc(73)] ReadMemory at 0x77a20000 of 64 bytes failed: Only part of a ReadProcessMemory or WriteProcessMemory request was completed. (0x12B)
[1008/140112.887:WARNING:pe_image_reader.cc(340)] could not read dos header from C:\Program Files\Google\Chrome\Application\85.0.4183.121\chrome_elf.dll
[1008/140112.887:ERROR:process_memory_win.cc(73)] ReadMemory at 0x70800000 of 64 bytes failed: Only part of a ReadProcessMemory or WriteProcessMemory request was completed. (0x12B)
[1008/140112.887:WARNING:pe_image_reader.cc(340)] could not read dos header from C:\Windows\SYSTEM32\VERSION.dll
[1008/140112.887:ERROR:process_memory_win.cc(73)] ReadMemory at 0x70800000 of 64 bytes failed: Only part of a ReadProcessMemory or WriteProcessMemory request was completed. (0x12B)
[1008/140112.887:WARNING:pe_image_reader.cc(340)] could not read dos header from C:\Windows\SYSTEM32\VERSION.dll
[1008/140112.887:ERROR:process_memory_win.cc(73)] ReadMemory at 0x754f0000 of 64 bytes failed: Only part of a ReadProcessMemory or WriteProcessMemory request was completed. (0x12B)
[1008/140112.887:WARNING:pe_image_reader.cc(340)] could not read dos header from C:\Windows\system32\msvcrt.dll
[1008/140112.887:ERROR:process_memory_win.cc(73)] ReadMemory at 0x754f0000 of 64 bytes failed: Only part of a ReadProcessMemory or WriteProcessMemory request was completed. (0x12B)
[1008/140112.887:WARNING:pe_image_reader.cc(340)] could not read dos header from C:\Windows\system32\msvcrt.dll
[1008/140112.887:ERROR:process_memory_win.cc(73)] ReadMemory at 0x75b60000 of 64 bytes failed: Only part of a ReadProcessMemory or WriteProcessMemory request was completed. (0x12B)
[1008/140112.887:WARNING:pe_image_reader.cc(340)] could not read dos header from C:\Windows\system32\ADVAPI32.dll
[1008/140112.887:ERROR:process_memory_win.cc(73)] ReadMemory at 0x75b60000 of 64 bytes failed: Only part of a ReadProcessMemory or WriteProcessMemory request was completed. (0x12B)
[1008/140112.887:WARNING:pe_image_reader.cc(340)] could not read dos header from C:\Windows\system32\ADVAPI32.dll
[1008/140112.887:ERROR:process_memory_win.cc(73)] ReadMemory at 0x756b0000 of 64 bytes failed: Only part of a ReadProcessMemory or WriteProcessMemory request was completed. (0x12B)
[1008/140112.887:WARNING:pe_image_reader.cc(340)] could not read dos header from C:\Windows\system32\sechost.dll
[1008/140112.887:ERROR:process_memory_win.cc(73)] ReadMemory at 0x756b0000 of 64 bytes failed: Only part of a ReadProcessMemory or WriteProcessMemory request was completed. (0x12B)
[1008/140112.887:WARNING:pe_image_reader.cc(340)] could not read dos header from C:\Windows\system32\sechost.dll
[1008/140112.887:ERROR:process_memory_win.cc(73)] ReadMemory at 0x77540000 of 64 bytes failed: Only part of a ReadProcessMemory or WriteProcessMemory request was completed. (0x12B)
[1008/140112.887:WARNING:pe_image_reader.cc(340)] could not read dos header from C:\Windows\system32\RPCRT4.dll
[1008/140112.887:ERROR:process_memory_win.cc(73)] ReadMemory at 0x77540000 of 64 bytes failed: Only part of a ReadProcessMemory or WriteProcessMemory request was completed. (0x12B)
[1008/140112.888:WARNING:pe_image_reader.cc(340)] could not read dos header from C:\Windows\system32\RPCRT4.dll
[1008/140112.888:ERROR:process_memory_win.cc(73)] ReadMemory at 0xf940000 of 64 bytes failed: Only part of a ReadProcessMemory or WriteProcessMemory request was completed. (0x12B)
[1008/140112.888:WARNING:pe_image_reader.cc(340)] could not read dos header from C:\Program Files\Google\Chrome\Application\85.0.4183.121\chrome.dll
[1008/140112.888:ERROR:process_memory_win.cc(73)] ReadMemory at 0xf940000 of 64 bytes failed: Only part of a ReadProcessMemory or WriteProcessMemory request was completed. (0x12B)
[1008/140112.888:WARNING:pe_image_reader.cc(340)] could not read dos header from C:\Program Files\Google\Chrome\Application\85.0.4183.121\chrome.dll
[1008/140112.888:ERROR:process_memory_win.cc(73)] ReadMemory at 0x75cf0000 of 64 bytes failed: Only part of a ReadProcessMemory or WriteProcessMemory request was completed. (0x12B)
[1008/140112.888:WARNING:pe_image_reader.cc(340)] could not read dos header from C:\Windows\system32\WS2_32.dll
[1008/140112.888:ERROR:process_memory_win.cc(73)] ReadMemory at 0x75cf0000 of 64 bytes failed: Only part of a ReadProcessMemory or WriteProcessMemory request was completed. (0x12B)
[1008/140112.888:WARNING:pe_image_reader.cc(340)] could not read dos header from C:\Windows\system32\WS2_32.dll
[1008/140112.888:ERROR:process_memory_win.cc(73)] ReadMemory at 0x75e90000 of 64 bytes failed: Only part of a ReadProcessMemory or WriteProcessMemory request was completed. (0x12B)
[1008/140112.888:WARNING:pe_image_reader.cc(340)] could not read dos header from C:\Windows\system32\NSI.dll
[1008/140112.888:ERROR:process_memory_win.cc(73)] ReadMemory at 0x75e90000 of 64 bytes failed: Only part of a ReadProcessMemory or WriteProcessMemory request was completed. (0x12B)
[1008/140112.888:WARNING:pe_image_reader.cc(340)] could not read dos header from C:\Windows\system32\NSI.dll
[1008/140112.888:ERROR:process_memory_win.cc(73)] ReadMemory at 0x75610000 of 64 bytes failed: Only part of a ReadProcessMemory or WriteProcessMemory request was completed. (0x12B)
[1008/140112.888:WARNING:pe_image_reader.cc(340)] could not read dos header from C:\Windows\system32\OLEAUT32.dll
[1008/140112.889:ERROR:process_memory_win.cc(73)] ReadMemory at 0x75610000 of 64 bytes failed: Only part of a ReadProcessMemory or WriteProcessMemory request was completed. (0x12B)
[1008/140112.889:WARNING:pe_image_reader.cc(340)] could not read dos header from C:\Windows\system32\OLEAUT32.dll
[1008/140112.889:ERROR:process_memory_win.cc(73)] ReadMemory at 0x75ed0000 of 64 bytes failed: Only part of a ReadProcessMemory or WriteProcessMemory request was completed. (0x12B)
[1008/140112.889:WARNING:pe_image_reader.cc(340)] could not read dos header from C:\Windows\system32\combase.dll
[1008/140112.889:ERROR:process_memory_win.cc(73)] ReadMemory at 0x75ed0000 of 64 bytes failed: Only part of a ReadProcessMemory or WriteProcessMemory request was completed. (0x12B)
[1008/140112.889:WARNING:pe_image_reader.cc(340)] could not read dos header from C:\Windows\system32\combase.dll
[1008/140112.889:ERROR:process_memory_win.cc(73)] ReadMemory at 0x74e00000 of 64 bytes failed: Only part of a ReadProcessMemory or WriteProcessMemory request was completed. (0x12B)
[1008/140112.889:WARNING:pe_image_reader.cc(340)] could not read dos header from C:\Windows\system32\WINTRUST.dll
[1008/140112.889:ERROR:process_memory_win.cc(73)] ReadMemory at 0x74e00000 of 64 bytes failed: Only part of a ReadProcessMemory or WriteProcessMemory request was completed. (0x12B)
[1008/140112.889:WARNING:pe_image_reader.cc(340)] could not read dos header from C:\Windows\system32\WINTRUST.dll
[1008/140112.889:ERROR:process_memory_win.cc(73)] ReadMemory at 0x749c0000 of 64 bytes failed: Only part of a ReadProcessMemory or WriteProcessMemory request was completed. (0x12B)
[1008/140112.889:WARNING:pe_image_reader.cc(340)] could not read dos header from C:\Windows\system32\MSASN1.dll
[1008/140112.889:ERROR:process_memory_win.cc(73)] ReadMemory at 0x749c0000 of 64 bytes failed: Only part of a ReadProcessMemory or WriteProcessMemory request was completed. (0x12B)
[1008/140112.889:WARNING:pe_image_reader.cc(340)] could not read dos header from C:\Windows\system32\MSASN1.dll
[1008/140112.889:ERROR:process_memory_win.cc(73)] ReadMemory at 0x74a20000 of 64 bytes failed: Only part of a ReadProcessMemory or WriteProcessMemory request was completed. (0x12B)
[1008/140112.890:WARNING:pe_image_reader.cc(340)] could not read dos header from C:\Windows\system32\CRYPT32.dll
[1008/140112.890:ERROR:process_memory_win.cc(73)] ReadMemory at 0x74a20000 of 64 bytes failed: Only part of a ReadProcessMemory or WriteProcessMemory request was completed. (0x12B)
[1008/140112.890:WARNING:pe_image_reader.cc(340)] could not read dos header from C:\Windows\system32\CRYPT32.dll
[1008/140112.890:ERROR:process_memory_win.cc(73)] ReadMemory at 0x705b0000 of 64 bytes failed: Only part of a ReadProcessMemory or WriteProcessMemory request was completed. (0x12B)
[1008/140112.890:WARNING:pe_image_reader.cc(340)] could not read dos header from C:\Windows\SYSTEM32\IPHLPAPI.DLL
[1008/140112.890:ERROR:process_memory_win.cc(73)] ReadMemory at 0x705b0000 of 64 bytes failed: Only part of a ReadProcessMemory or WriteProcessMemory request was completed. (0x12B)
[1008/140112.890:WARNING:pe_image_reader.cc(340)] could not read dos header from C:\Windows\SYSTEM32\IPHLPAPI.DLL
[1008/140112.890:ERROR:process_memory_win.cc(73)] ReadMemory at 0x73090000 of 64 bytes failed: Only part of a ReadProcessMemory or WriteProcessMemory request was completed. (0x12B)
[1008/140112.890:WARNING:pe_image_reader.cc(340)] could not read dos header from C:\Windows\SYSTEM32\WINMM.dll
[1008/140112.890:ERROR:process_memory_win.cc(73)] ReadMemory at 0x73090000 of 64 bytes failed: Only part of a ReadProcessMemory or WriteProcessMemory request was completed. (0x12B)
[1008/140112.890:WARNING:pe_image_reader.cc(340)] could not read dos header from C:\Windows\SYSTEM32\WINMM.dll
[1008/140112.890:ERROR:process_memory_win.cc(73)] ReadMemory at 0x75700000 of 64 bytes failed: Only part of a ReadProcessMemory or WriteProcessMemory request was completed. (0x12B)
[1008/140112.890:WARNING:pe_image_reader.cc(340)] could not read dos header from C:\Windows\system32\USER32.dll
[1008/140112.890:ERROR:process_memory_win.cc(73)] ReadMemory at 0x75700000 of 64 bytes failed: Only part of a ReadProcessMemory or WriteProcessMemory request was completed. (0x12B)
[1008/140112.890:WARNING:pe_image_reader.cc(340)] could not read dos header from C:\Windows\system32\USER32.dll
[1008/140112.890:ERROR:process_memory_win.cc(73)] ReadMemory at 0x75a00000 of 64 bytes failed: Only part of a ReadProcessMemory or WriteProcessMemory request was completed. (0x12B)
[1008/140112.890:WARNING:pe_image_reader.cc(340)] could not read dos header from C:\Windows\system32\GDI32.dll
[1008/140112.890:ERROR:process_memory_win.cc(73)] ReadMemory at 0x75a00000 of 64 bytes failed: Only part of a ReadProcessMemory or WriteProcessMemory request was completed. (0x12B)
[1008/140112.890:WARNING:pe_image_reader.cc(340)] could not read dos header from C:\Windows\system32\GDI32.dll
[1008/140112.890:ERROR:process_memory_win.cc(73)] ReadMemory at 0x52bf0000 of 64 bytes failed: Only part of a ReadProcessMemory or WriteProcessMemory request was completed. (0x12B)
[1008/140112.890:WARNING:pe_image_reader.cc(340)] could not read dos header from C:\Windows\SYSTEM32\UIAutomationCore.DLL
[1008/140112.890:ERROR:process_memory_win.cc(73)] ReadMemory at 0x52bf0000 of 64 bytes failed: Only part of a ReadProcessMemory or WriteProcessMemory request was completed. (0x12B)
[1008/140112.890:WARNING:pe_image_reader.cc(340)] could not read dos header from C:\Windows\SYSTEM32\UIAutomationCore.DLL
[1008/140112.890:ERROR:process_memory_win.cc(73)] ReadMemory at 0x6a270000 of 64 bytes failed: Only part of a ReadProcessMemory or WriteProcessMemory request was completed. (0x12B)
[1008/140112.890:WARNING:pe_image_reader.cc(340)] could not read dos header from C:\Windows\SYSTEM32\Secur32.dll
[1008/140112.890:ERROR:process_memory_win.cc(73)] ReadMemory at 0x6a270000 of 64 bytes failed: Only part of a ReadProcessMemory or WriteProcessMemory request was completed. (0x12B)
[1008/140112.890:WARNING:pe_image_reader.cc(340)] could not read dos header from C:\Windows\SYSTEM32\Secur32.dll
[1008/140112.890:ERROR:process_memory_win.cc(73)] ReadMemory at 0x74120000 of 64 bytes failed: Only part of a ReadProcessMemory or WriteProcessMemory request was completed. (0x12B)
[1008/140112.890:WARNING:pe_image_reader.cc(340)] could not read dos header from C:\Windows\SYSTEM32\USERENV.dll
[1008/140112.890:ERROR:process_memory_win.cc(73)] ReadMemory at 0x74120000 of 64 bytes failed: Only part of a ReadProcessMemory or WriteProcessMemory request was completed. (0x12B)
[1008/140112.890:WARNING:pe_image_reader.cc(340)] could not read dos header from C:\Windows\SYSTEM32\USERENV.dll
[1008/140112.890:ERROR:process_memory_win.cc(73)] ReadMemory at 0x749b0000 of 64 bytes failed: Only part of a ReadProcessMemory or WriteProcessMemory request was completed. (0x12B)
[1008/140112.890:WARNING:pe_image_reader.cc(340)] could not read dos header from C:\Windows\system32\profapi.dll
[1008/140112.890:ERROR:process_memory_win.cc(73)] ReadMemory at 0x749b0000 of 64 bytes failed: Only part of a ReadProcessMemory or WriteProcessMemory request was completed. (0x12B)
[1008/140112.891:WARNING:pe_image_reader.cc(340)] could not read dos header from C:\Windows\system32\profapi.dll
[1008/140112.891:ERROR:process_memory_win.cc(73)] ReadMemory at 0x67c90000 of 64 bytes failed: Only part of a ReadProcessMemory or WriteProcessMemory request was completed. (0x12B)
[1008/140112.891:WARNING:pe_image_reader.cc(340)] could not read dos header from C:\Windows\SYSTEM32\DWrite.dll
[1008/140112.891:ERROR:process_memory_win.cc(73)] ReadMemory at 0x67c90000 of 64 bytes failed: Only part of a ReadProcessMemory or WriteProcessMemory request was completed. (0x12B)
[1008/140112.891:WARNING:pe_image_reader.cc(340)] could not read dos header from C:\Windows\SYSTEM32\DWrite.dll
[1008/140112.891:ERROR:process_memory_win.cc(73)] ReadMemory at 0x6c3d0000 of 64 bytes failed: Only part of a ReadProcessMemory or WriteProcessMemory request was completed. (0x12B)
[1008/140112.891:WARNING:pe_image_reader.cc(340)] could not read dos header from C:\Windows\SYSTEM32\WINSPOOL.DRV
[1008/140112.891:ERROR:process_memory_win.cc(73)] ReadMemory at 0x6c3d0000 of 64 bytes failed: Only part of a ReadProcessMemory or WriteProcessMemory request was completed. (0x12B)
[1008/140112.891:WARNING:pe_image_reader.cc(340)] could not read dos header from C:\Windows\SYSTEM32\WINSPOOL.DRV
[1008/140112.891:ERROR:process_memory_win.cc(73)] ReadMemory at 0x71080000 of 64 bytes failed: Only part of a ReadProcessMemory or WriteProcessMemory request was completed. (0x12B)
[1008/140112.891:WARNING:pe_image_reader.cc(340)] could not read dos header from C:\Windows\SYSTEM32\dbghelp.dll
[1008/140112.891:ERROR:process_memory_win.cc(73)] ReadMemory at 0x71080000 of 64 bytes failed: Only part of a ReadProcessMemory or WriteProcessMemory request was completed. (0x12B)
[1008/140112.891:WARNING:pe_image_reader.cc(340)] could not read dos header from C:\Windows\SYSTEM32\dbghelp.dll
[1008/140112.891:ERROR:process_memory_win.cc(73)] ReadMemory at 0x700e0000 of 64 bytes failed: Only part of a ReadProcessMemory or WriteProcessMemory request was completed. (0x12B)
[1008/140112.891:WARNING:pe_image_reader.cc(340)] could not read dos header from C:\Windows\SYSTEM32\WINHTTP.dll
[1008/140112.891:ERROR:process_memory_win.cc(73)] ReadMemory at 0x700e0000 of 64 bytes failed: Only part of a ReadProcessMemory or WriteProcessMemory request was completed. (0x12B)
[1008/140112.891:WARNING:pe_image_reader.cc(340)] could not read dos header from C:\Windows\SYSTEM32\WINHTTP.dll
[1008/140112.891:ERROR:process_memory_win.cc(73)] ReadMemory at 0x701e0000 of 64 bytes failed: Only part of a ReadProcessMemory or WriteProcessMemory request was completed. (0x12B)
[1008/140112.891:WARNING:pe_image_reader.cc(340)] could not read dos header from C:\Windows\SYSTEM32\dhcpcsvc.DLL
[1008/140112.891:ERROR:process_memory_win.cc(73)] ReadMemory at 0x701e0000 of 64 bytes failed: Only part of a ReadProcessMemory or WriteProcessMemory request was completed. (0x12B)
[1008/140112.891:WARNING:pe_image_reader.cc(340)] could not read dos header from C:\Windows\SYSTEM32\dhcpcsvc.DLL
[1008/140112.891:ERROR:process_memory_win.cc(73)] ReadMemory at 0x70640000 of 64 bytes failed: Only part of a ReadProcessMemory or WriteProcessMemory request was completed. (0x12B)
[1008/140112.891:WARNING:pe_image_reader.cc(340)] could not read dos header from C:\Windows\SYSTEM32\WINNSI.DLL
[1008/140112.891:ERROR:process_memory_win.cc(73)] ReadMemory at 0x70640000 of 64 bytes failed: Only part of a ReadProcessMemory or WriteProcessMemory request was completed. (0x12B)
[1008/140112.891:WARNING:pe_image_reader.cc(340)] could not read dos header from C:\Windows\SYSTEM32\WINNSI.DLL
[1008/140112.891:ERROR:process_memory_win.cc(73)] ReadMemory at 0x73030000 of 64 bytes failed: Only part of a ReadProcessMemory or WriteProcessMemory request was completed. (0x12B)
[1008/140112.891:WARNING:pe_image_reader.cc(340)] could not read dos header from C:\Windows\SYSTEM32\WINMMBASE.dll
[1008/140112.891:ERROR:process_memory_win.cc(73)] ReadMemory at 0x73030000 of 64 bytes failed: Only part of a ReadProcessMemory or WriteProcessMemory request was completed. (0x12B)
[1008/140112.891:WARNING:pe_image_reader.cc(340)] could not read dos header from C:\Windows\SYSTEM32\WINMMBASE.dll
[1008/140112.891:ERROR:process_memory_win.cc(73)] ReadMemory at 0x74c40000 of 64 bytes failed: Only part of a ReadProcessMemory or WriteProcessMemory request was completed. (0x12B)
[1008/140112.891:WARNING:pe_image_reader.cc(340)] could not read dos header from C:\Windows\system32\cfgmgr32.dll
[1008/140112.891:ERROR:process_memory_win.cc(73)] ReadMemory at 0x74c40000 of 64 bytes failed: Only part of a ReadProcessMemory or WriteProcessMemory request was completed. (0x12B)
[1008/140112.891:WARNING:pe_image_reader.cc(340)] could not read dos header from C:\Windows\system32\cfgmgr32.dll
[1008/140112.891:ERROR:process_memory_win.cc(73)] ReadMemory at 0x74820000 of 64 bytes failed: Only part of a ReadProcessMemory or WriteProcessMemory request was completed. (0x12B)
[1008/140112.891:WARNING:pe_image_reader.cc(340)] could not read dos header from C:\Windows\SYSTEM32\bcrypt.dll
[1008/140112.892:ERROR:process_memory_win.cc(73)] ReadMemory at 0x74820000 of 64 bytes failed: Only part of a ReadProcessMemory or WriteProcessMemory request was completed. (0x12B)
[1008/140112.892:WARNING:pe_image_reader.cc(340)] could not read dos header from C:\Windows\SYSTEM32\bcrypt.dll
[1008/140112.892:ERROR:process_memory_win.cc(73)] ReadMemory at 0x73720000 of 64 bytes failed: Only part of a ReadProcessMemory or WriteProcessMemory request was completed. (0x12B)
[1008/140112.892:WARNING:pe_image_reader.cc(340)] could not read dos header from C:\Windows\SYSTEM32\DEVOBJ.dll
[1008/140112.892:ERROR:process_memory_win.cc(73)] ReadMemory at 0x73720000 of 64 bytes failed: Only part of a ReadProcessMemory or WriteProcessMemory request was completed. (0x12B)
[1008/140112.892:WARNING:pe_image_reader.cc(340)] could not read dos header from C:\Windows\SYSTEM32\DEVOBJ.dll
[1008/140112.892:ERROR:process_memory_win.cc(73)] ReadMemory at 0x74620000 of 64 bytes failed: Only part of a ReadProcessMemory or WriteProcessMemory request was completed. (0x12B)
[1008/140112.892:WARNING:pe_image_reader.cc(340)] could not read dos header from C:\Windows\SYSTEM32\SSPICLI.DLL
[1008/140112.892:ERROR:process_memory_win.cc(73)] ReadMemory at 0x74620000 of 64 bytes failed: Only part of a ReadProcessMemory or WriteProcessMemory request was completed. (0x12B)
[1008/140112.892:WARNING:pe_image_reader.cc(340)] could not read dos header from C:\Windows\SYSTEM32\SSPICLI.DLL
[1008/140112.892:ERROR:process_memory_win.cc(73)] ReadMemory at 0x75ea0000 of 64 bytes failed: Only part of a ReadProcessMemory or WriteProcessMemory request was completed. (0x12B)
[1008/140112.892:WARNING:pe_image_reader.cc(340)] could not read dos header from C:\Windows\system32\IMM32.DLL
[1008/140112.892:ERROR:process_memory_win.cc(73)] ReadMemory at 0x75ea0000 of 64 bytes failed: Only part of a ReadProcessMemory or WriteProcessMemory request was completed. (0x12B)
[1008/140112.892:WARNING:pe_image_reader.cc(340)] could not read dos header from C:\Windows\system32\IMM32.DLL
[1008/140112.892:ERROR:process_memory_win.cc(73)] ReadMemory at 0x75330000 of 64 bytes failed: Only part of a ReadProcessMemory or WriteProcessMemory request was completed. (0x12B)
[1008/140112.892:WARNING:pe_image_reader.cc(340)] could not read dos header from C:\Windows\system32\MSCTF.dll
[1008/140112.892:ERROR:process_memory_win.cc(73)] ReadMemory at 0x75330000 of 64 bytes failed: Only part of a ReadProcessMemory or WriteProcessMemory request was completed. (0x12B)
[1008/140112.892:WARNING:pe_image_reader.cc(340)] could not read dos header from C:\Windows\system32\MSCTF.dll
[1008/140112.892:ERROR:process_memory_win.cc(73)] ReadMemory at 0x74840000 of 64 bytes failed: Only part of a ReadProcessMemory or WriteProcessMemory request was completed. (0x12B)
[1008/140112.892:WARNING:pe_image_reader.cc(340)] could not read dos header from C:\Windows\SYSTEM32\bcryptPrimitives.dll
[1008/140112.892:ERROR:process_memory_win.cc(73)] ReadMemory at 0x74840000 of 64 bytes failed: Only part of a ReadProcessMemory or WriteProcessMemory request was completed. (0x12B)
[1008/140112.892:WARNING:pe_image_reader.cc(340)] could not read dos header from C:\Windows\SYSTEM32\bcryptPrimitives.dll
[1008/140112.892:ERROR:process_memory_win.cc(73)] ReadMemory at 0x75bf0000 of 64 bytes failed: Only part of a ReadProcessMemory or WriteProcessMemory request was completed. (0x12B)
[1008/140112.892:WARNING:pe_image_reader.cc(340)] could not read dos header from C:\Windows\system32\ole32.dll
[1008/140112.892:ERROR:process_memory_win.cc(73)] ReadMemory at 0x75bf0000 of 64 bytes failed: Only part of a ReadProcessMemory or WriteProcessMemory request was completed. (0x12B)
[1008/140112.892:WARNING:pe_image_reader.cc(340)] could not read dos header from C:\Windows\system32\ole32.dll
[1008/140112.892:ERROR:process_memory_win.cc(73)] ReadMemory at 0x74650000 of 64 bytes failed: Only part of a ReadProcessMemory or WriteProcessMemory request was completed. (0x12B)
[1008/140112.892:WARNING:pe_image_reader.cc(340)] could not read dos header from C:\Windows\SYSTEM32\CRYPTBASE.DLL
[1008/140112.892:ERROR:process_memory_win.cc(73)] ReadMemory at 0x74650000 of 64 bytes failed: Only part of a ReadProcessMemory or WriteProcessMemory request was completed. (0x12B)
[1008/140112.892:WARNING:pe_image_reader.cc(340)] could not read dos header from C:\Windows\SYSTEM32\CRYPTBASE.DLL
[1008/140155.588:ERROR:process_memory_win.cc(73)] ReadMemory at 0x850000 of 64 bytes failed: Only part of a ReadProcessMemory or WriteProcessMemory request was completed. (0x12B)
[1008/140155.588:WARNING:pe_image_reader.cc(340)] could not read dos header from C:\Program Files\Google\Chrome\Application\chrome.exe
[1008/140155.588:ERROR:process_memory_win.cc(73)] ReadMemory at 0x77850000 of 64 bytes failed: Only part of a ReadProcessMemory or WriteProcessMemory request was completed. (0x12B)
[1008/140155.588:WARNING:pe_image_reader.cc(340)] could not read dos header from C:\Windows\SYSTEM32\ntdll.dll
[1008/140155.588:ERROR:process_memory_win.cc(73)] ReadMemory at 0x75450000 of 64 bytes failed: Only part of a ReadProcessMemory or WriteProcessMemory request was completed. (0x12B)
[1008/140155.588:WARNING:pe_image_reader.cc(340)] could not read dos header from C:\Windows\system32\KERNEL32.dll
[1008/140155.588:ERROR:process_memory_win.cc(73)] ReadMemory at 0x74c80000 of 64 bytes failed: Only part of a ReadProcessMemory or WriteProcessMemory request was completed. (0x12B)
[1008/140155.588:WARNING:pe_image_reader.cc(340)] could not read dos header from C:\Windows\system32\KERNELBASE.dll
[1008/140155.588:ERROR:process_memory_win.cc(73)] ReadMemory at 0x77a20000 of 64 bytes failed: Only part of a ReadProcessMemory or WriteProcessMemory request was completed. (0x12B)
[1008/140155.588:WARNING:pe_image_reader.cc(340)] could not read dos header from C:\Program Files\Google\Chrome\Application\85.0.4183.121\chrome_elf.dll
[1008/140155.588:ERROR:process_memory_win.cc(73)] ReadMemory at 0x70800000 of 64 bytes failed: Only part of a ReadProcessMemory or WriteProcessMemory request was completed. (0x12B)
[1008/140155.588:WARNING:pe_image_reader.cc(340)] could not read dos header from C:\Windows\SYSTEM32\VERSION.dll
[1008/140155.588:ERROR:process_memory_win.cc(73)] ReadMemory at 0x754f0000 of 64 bytes failed: Only part of a ReadProcessMemory or WriteProcessMemory request was completed. (0x12B)
[1008/140155.588:WARNING:pe_image_reader.cc(340)] could not read dos header from C:\Windows\system32\msvcrt.dll
[1008/140155.588:ERROR:process_memory_win.cc(73)] ReadMemory at 0x75b60000 of 64 bytes failed: Only part of a ReadProcessMemory or WriteProcessMemory request was completed. (0x12B)
[1008/140155.588:WARNING:pe_image_reader.cc(340)] could not read dos header from C:\Windows\system32\ADVAPI32.dll
[1008/140155.588:ERROR:process_memory_win.cc(73)] ReadMemory at 0x756b0000 of 64 bytes failed: Only part of a ReadProcessMemory or WriteProcessMemory request was completed. (0x12B)
[1008/140155.588:WARNING:pe_image_reader.cc(340)] could not read dos header from C:\Windows\system32\sechost.dll
[1008/140155.588:ERROR:process_memory_win.cc(73)] ReadMemory at 0x77540000 of 64 bytes failed: Only part of a ReadProcessMemory or WriteProcessMemory request was completed. (0x12B)
[1008/140155.588:WARNING:pe_image_reader.cc(340)] could not read dos header from C:\Windows\system32\RPCRT4.dll
[1008/140155.588:ERROR:process_memory_win.cc(73)] ReadMemory at 0xf940000 of 64 bytes failed: Only part of a ReadProcessMemory or WriteProcessMemory request was completed. (0x12B)
[1008/140155.588:WARNING:pe_image_reader.cc(340)] could not read dos header from C:\Program Files\Google\Chrome\Application\85.0.4183.121\chrome.dll
[1008/140155.588:ERROR:process_memory_win.cc(73)] ReadMemory at 0x75cf0000 of 64 bytes failed: Only part of a ReadProcessMemory or WriteProcessMemory request was completed. (0x12B)
[1008/140155.588:WARNING:pe_image_reader.cc(340)] could not read dos header from C:\Windows\system32\WS2_32.dll
[1008/140155.588:ERROR:process_memory_win.cc(73)] ReadMemory at 0x75e90000 of 64 bytes failed: Only part of a ReadProcessMemory or WriteProcessMemory request was completed. (0x12B)
[1008/140155.588:WARNING:pe_image_reader.cc(340)] could not read dos header from C:\Windows\system32\NSI.dll
[1008/140155.589:ERROR:process_memory_win.cc(73)] ReadMemory at 0x75610000 of 64 bytes failed: Only part of a ReadProcessMemory or WriteProcessMemory request was completed. (0x12B)
[1008/140155.589:WARNING:pe_image_reader.cc(340)] could not read dos header from C:\Windows\system32\OLEAUT32.dll
[1008/140155.589:ERROR:process_memory_win.cc(73)] ReadMemory at 0x75ed0000 of 64 bytes failed: Only part of a ReadProcessMemory or WriteProcessMemory request was completed. (0x12B)
[1008/140155.589:WARNING:pe_image_reader.cc(340)] could not read dos header from C:\Windows\system32\combase.dll
[1008/140155.589:ERROR:process_memory_win.cc(73)] ReadMemory at 0x74e00000 of 64 bytes failed: Only part of a ReadProcessMemory or WriteProcessMemory request was completed. (0x12B)
[1008/140155.589:WARNING:pe_image_reader.cc(340)] could not read dos header from C:\Windows\system32\WINTRUST.dll
[1008/140155.589:ERROR:process_memory_win.cc(73)] ReadMemory at 0x749c0000 of 64 bytes failed: Only part of a ReadProcessMemory or WriteProcessMemory request was completed. (0x12B)
[1008/140155.589:WARNING:pe_image_reader.cc(340)] could not read dos header from C:\Windows\system32\MSASN1.dll
[1008/140155.589:ERROR:process_memory_win.cc(73)] ReadMemory at 0x74a20000 of 64 bytes failed: Only part of a ReadProcessMemory or WriteProcessMemory request was completed. (0x12B)
[1008/140155.589:WARNING:pe_image_reader.cc(340)] could not read dos header from C:\Windows\system32\CRYPT32.dll
[1008/140155.589:ERROR:process_memory_win.cc(73)] ReadMemory at 0x705b0000 of 64 bytes failed: Only part of a ReadProcessMemory or WriteProcessMemory request was completed. (0x12B)
[1008/140155.589:WARNING:pe_image_reader.cc(340)] could not read dos header from C:\Windows\SYSTEM32\IPHLPAPI.DLL
[1008/140155.589:ERROR:process_memory_win.cc(73)] ReadMemory at 0x73090000 of 64 bytes failed: Only part of a ReadProcessMemory or WriteProcessMemory request was completed. (0x12B)
[1008/140155.589:WARNING:pe_image_reader.cc(340)] could not read dos header from C:\Windows\SYSTEM32\WINMM.dll
[1008/140155.589:ERROR:process_memory_win.cc(73)] ReadMemory at 0x75700000 of 64 bytes failed: Only part of a ReadProcessMemory or WriteProcessMemory request was completed. (0x12B)
[1008/140155.589:WARNING:pe_image_reader.cc(340)] could not read dos header from C:\Windows\system32\USER32.dll
[1008/140155.589:ERROR:process_memory_win.cc(73)] ReadMemory at 0x75a00000 of 64 bytes failed: Only part of a ReadProcessMemory or WriteProcessMemory request was completed. (0x12B)
[1008/140155.589:WARNING:pe_image_reader.cc(340)] could not read dos header from C:\Windows\system32\GDI32.dll
[1008/140155.589:ERROR:process_memory_win.cc(73)] ReadMemory at 0x52bf0000 of 64 bytes failed: Only part of a ReadProcessMemory or WriteProcessMemory request was completed. (0x12B)
[1008/140155.589:WARNING:pe_image_reader.cc(340)] could not read dos header from C:\Windows\SYSTEM32\UIAutomationCore.DLL
[1008/140155.589:ERROR:process_memory_win.cc(73)] ReadMemory at 0x6a270000 of 64 bytes failed: Only part of a ReadProcessMemory or WriteProcessMemory request was completed. (0x12B)
[1008/140155.589:WARNING:pe_image_reader.cc(340)] could not read dos header from C:\Windows\SYSTEM32\Secur32.dll
[1008/140155.589:ERROR:process_memory_win.cc(73)] ReadMemory at 0x74120000 of 64 bytes failed: Only part of a ReadProcessMemory or WriteProcessMemory request was completed. (0x12B)
[1008/140155.589:WARNING:pe_image_reader.cc(340)] could not read dos header from C:\Windows\SYSTEM32\USERENV.dll
[1008/140155.589:ERROR:process_memory_win.cc(73)] ReadMemory at 0x749b0000 of 64 bytes failed: Only part of a ReadProcessMemory or WriteProcessMemory request was completed. (0x12B)
[1008/140155.589:WARNING:pe_image_reader.cc(340)] could not read dos header from C:\Windows\system32\profapi.dll
[1008/140155.589:ERROR:process_memory_win.cc(73)] ReadMemory at 0x67c90000 of 64 bytes failed: Only part of a ReadProcessMemory or WriteProcessMemory request was completed. (0x12B)
[1008/140155.589:WARNING:pe_image_reader.cc(340)] could not read dos header from C:\Windows\SYSTEM32\DWrite.dll
[1008/140155.589:ERROR:process_memory_win.cc(73)] ReadMemory at 0x6c3d0000 of 64 bytes failed: Only part of a ReadProcessMemory or WriteProcessMemory request was completed. (0x12B)
[1008/140155.589:WARNING:pe_image_reader.cc(340)] could not read dos header from C:\Windows\SYSTEM32\WINSPOOL.DRV
[1008/140155.589:ERROR:process_memory_win.cc(73)] ReadMemory at 0x71080000 of 64 bytes failed: Only part of a ReadProcessMemory or WriteProcessMemory request was completed. (0x12B)
[1008/140155.589:WARNING:pe_image_reader.cc(340)] could not read dos header from C:\Windows\SYSTEM32\dbghelp.dll
[1008/140155.589:ERROR:process_memory_win.cc(73)] ReadMemory at 0x700e0000 of 64 bytes failed: Only part of a ReadProcessMemory or WriteProcessMemory request was completed. (0x12B)
[1008/140155.589:WARNING:pe_image_reader.cc(340)] could not read dos header from C:\Windows\SYSTEM32\WINHTTP.dll
[1008/140155.589:ERROR:process_memory_win.cc(73)] ReadMemory at 0x701e0000 of 64 bytes failed: Only part of a ReadProcessMemory or WriteProcessMemory request was completed. (0x12B)
[1008/140155.589:WARNING:pe_image_reader.cc(340)] could not read dos header from C:\Windows\SYSTEM32\dhcpcsvc.DLL
[1008/140155.589:ERROR:process_memory_win.cc(73)] ReadMemory at 0x70640000 of 64 bytes failed: Only part of a ReadProcessMemory or WriteProcessMemory request was completed. (0x12B)
[1008/140155.590:WARNING:pe_image_reader.cc(340)] could not read dos header from C:\Windows\SYSTEM32\WINNSI.DLL
[1008/140155.590:ERROR:process_memory_win.cc(73)] ReadMemory at 0x73030000 of 64 bytes failed: Only part of a ReadProcessMemory or WriteProcessMemory request was completed. (0x12B)
[1008/140155.590:WARNING:pe_image_reader.cc(340)] could not read dos header from C:\Windows\SYSTEM32\WINMMBASE.dll
[1008/140155.590:ERROR:process_memory_win.cc(73)] ReadMemory at 0x74c40000 of 64 bytes failed: Only part of a ReadProcessMemory or WriteProcessMemory request was completed. (0x12B)
[1008/140155.590:WARNING:pe_image_reader.cc(340)] could not read dos header from C:\Windows\system32\cfgmgr32.dll
[1008/140155.590:ERROR:process_memory_win.cc(73)] ReadMemory at 0x74820000 of 64 bytes failed: Only part of a ReadProcessMemory or WriteProcessMemory request was completed. (0x12B)
[1008/140155.590:WARNING:pe_image_reader.cc(340)] could not read dos header from C:\Windows\SYSTEM32\bcrypt.dll
[1008/140155.590:ERROR:process_memory_win.cc(73)] ReadMemory at 0x73720000 of 64 bytes failed: Only part of a ReadProcessMemory or WriteProcessMemory request was completed. (0x12B)
[1008/140155.590:WARNING:pe_image_reader.cc(340)] could not read dos header from C:\Windows\SYSTEM32\DEVOBJ.dll
[1008/140155.590:ERROR:process_memory_win.cc(73)] ReadMemory at 0x74620000 of 64 bytes failed: Only part of a ReadProcessMemory or WriteProcessMemory request was completed. (0x12B)
[1008/140155.590:WARNING:pe_image_reader.cc(340)] could not read dos header from C:\Windows\SYSTEM32\SSPICLI.DLL
[1008/140155.590:ERROR:process_memory_win.cc(73)] ReadMemory at 0x75ea0000 of 64 bytes failed: Only part of a ReadProcessMemory or WriteProcessMemory request was completed. (0x12B)
[1008/140155.590:WARNING:pe_image_reader.cc(340)] could not read dos header from C:\Windows\system32\IMM32.DLL
[1008/140155.590:ERROR:process_memory_win.cc(73)] ReadMemory at 0x75330000 of 64 bytes failed: Only part of a ReadProcessMemory or WriteProcessMemory request was completed. (0x12B)
[1008/140155.590:WARNING:pe_image_reader.cc(340)] could not read dos header from C:\Windows\system32\MSCTF.dll
[1008/140155.590:ERROR:process_memory_win.cc(73)] ReadMemory at 0x74840000 of 64 bytes failed: Only part of a ReadProcessMemory or WriteProcessMemory request was completed. (0x12B)
[1008/140155.590:WARNING:pe_image_reader.cc(340)] could not read dos header from C:\Windows\SYSTEM32\bcryptPrimitives.dll
[1008/140155.590:ERROR:process_memory_win.cc(73)] ReadMemory at 0x75bf0000 of 64 bytes failed: Only part of a ReadProcessMemory or WriteProcessMemory request was completed. (0x12B)
[1008/140155.590:WARNING:pe_image_reader.cc(340)] could not read dos header from C:\Windows\system32\ole32.dll
[1008/140155.590:ERROR:process_memory_win.cc(73)] ReadMemory at 0x74650000 of 64 bytes failed: Only part of a ReadProcessMemory or WriteProcessMemory request was completed. (0x12B)
[1008/140155.590:WARNING:pe_image_reader.cc(340)] could not read dos header from C:\Windows\SYSTEM32\CRYPTBASE.DLL
[1008/140155.641:ERROR:process_memory_win.cc(73)] ReadMemory at 0x3df9000 of 28672 bytes failed: Only part of a ReadProcessMemory or WriteProcessMemory request was completed. (0x12B)
[1008/140156.028:ERROR:process_memory_win.cc(73)] ReadMemory at 0x592e000 of 8192 bytes failed: Only part of a ReadProcessMemory or WriteProcessMemory request was completed. (0x12B)
[1008/140156.028:ERROR:process_memory_win.cc(73)] ReadMemory at 0x5efe000 of 8192 bytes failed: Only part of a ReadProcessMemory or WriteProcessMemory request was completed. (0x12B)
[1008/140156.028:ERROR:process_memory_win.cc(73)] ReadMemory at 0x5ffe000 of 8192 bytes failed: Only part of a ReadProcessMemory or WriteProcessMemory request was completed. (0x12B)
[1008/140156.028:ERROR:process_memory_win.cc(73)] ReadMemory at 0x60fd000 of 12288 bytes failed: Only part of a ReadProcessMemory or WriteProcessMemory request was completed. (0x12B)
[1008/140156.028:ERROR:process_memory_win.cc(73)] ReadMemory at 0x627f000 of 4096 bytes failed: Only part of a ReadProcessMemory or WriteProcessMemory request was completed. (0x12B)
[1008/140156.028:ERROR:process_memory_win.cc(73)] ReadMemory at 0x637e000 of 8192 bytes failed: Only part of a ReadProcessMemory or WriteProcessMemory request was completed. (0x12B)
[1008/140156.028:ERROR:process_memory_win.cc(73)] ReadMemory at 0x69bd000 of 12288 bytes failed: Only part of a ReadProcessMemory or WriteProcessMemory request was completed. (0x12B)
[1008/140156.028:ERROR:process_memory_win.cc(73)] ReadMemory at 0x6bbe000 of 8192 bytes failed: Only part of a ReadProcessMemory or WriteProcessMemory request was completed. (0x12B)
[1008/140156.028:ERROR:process_memory_win.cc(73)] ReadMemory at 0x6ebe000 of 8192 bytes failed: Only part of a ReadProcessMemory or WriteProcessMemory request was completed. (0x12B)
[1008/140156.028:ERROR:process_memory_win.cc(73)] ReadMemory at 0x6fbe000 of 8192 bytes failed: Only part of a ReadProcessMemory or WriteProcessMemory request was completed. (0x12B)
[1008/140156.028:ERROR:process_memory_win.cc(73)] ReadMemory at 0x7dff000 of 4096 bytes failed: Only part of a ReadProcessMemory or WriteProcessMemory request was completed. (0x12B)
[1008/140156.028:ERROR:process_memory_win.cc(73)] ReadMemory at 0x3ff04a0 of 72 bytes failed: Only part of a ReadProcessMemory or WriteProcessMemory request was completed. (0x12B)
[1008/140156.053:ERROR:process_memory_win.cc(73)] ReadMemory at 0x3ff05c8 of 20736 bytes failed: Only part of a ReadProcessMemory or WriteProcessMemory request was completed. (0x12B)
[1008/140156.053:ERROR:process_memory_win.cc(73)] ReadMemory at 0x3ff56d0 of 660 bytes failed: Only part of a ReadProcessMemory or WriteProcessMemory request was completed. (0x12B)
[1008/140156.053:ERROR:process_memory_win.cc(73)] ReadMemory at 0x3ff5b7c of 106 bytes failed: Only part of a ReadProcessMemory or WriteProcessMemory request was completed. (0x12B)
[1008/140156.053:ERROR:process_memory_win.cc(73)] ReadMemory at 0x3ff5be8 of 706 bytes failed: Only part of a ReadProcessMemory or WriteProcessMemory request was completed. (0x12B)
[1008/140156.053:ERROR:process_memory_win.cc(73)] ReadMemory at 0x3ff5eac of 106 bytes failed: Only part of a ReadProcessMemory or WriteProcessMemory request was completed. (0x12B)
[1008/140156.053:ERROR:process_memory_win.cc(73)] ReadMemory at 0x3ff5f18 of 96 bytes failed: Only part of a ReadProcessMemory or WriteProcessMemory request was completed. (0x12B)
[1008/140156.053:ERROR:process_memory_win.cc(73)] ReadMemory at 0x3ff5f88 of 58 bytes failed: Only part of a ReadProcessMemory or WriteProcessMemory request was completed. (0x12B)
[1008/140156.053:ERROR:process_memory_win.cc(73)] ReadMemory at 0x3ff6078 of 72 bytes failed: Only part of a ReadProcessMemory or WriteProcessMemory request was completed. (0x12B)
[1008/140156.379:ERROR:process_memory_win.cc(73)] ReadMemory at 0x3ff6158 of 72 bytes failed: Only part of a ReadProcessMemory or WriteProcessMemory request was completed. (0x12B)
[1008/140156.379:ERROR:process_memory_win.cc(73)] ReadMemory at 0x3ff6250 of 114 bytes failed: Only part of a ReadProcessMemory or WriteProcessMemory request was completed. (0x12B)
[1008/140156.395:ERROR:process_memory_win.cc(73)] ReadMemory at 0x3ff6710 of 142 bytes failed: Only part of a ReadProcessMemory or WriteProcessMemory request was completed. (0x12B)
[1008/140156.395:ERROR:process_memory_win.cc(73)] ReadMemory at 0x3ff69f0 of 64 bytes failed: Only part of a ReadProcessMemory or WriteProcessMemory request was completed. (0x12B)
[1008/140156.395:ERROR:process_memory_win.cc(73)] ReadMemory at 0x3ffa328 of 72 bytes failed: Only part of a ReadProcessMemory or WriteProcessMemory request was completed. (0x12B)
[1008/140156.395:ERROR:process_memory_win.cc(73)] ReadMemory at 0x3ffa408 of 68 bytes failed: Only part of a ReadProcessMemory or WriteProcessMemory request was completed. (0x12B)
[1008/140156.473:ERROR:process_memory_win.cc(73)] ReadMemory at 0x3ffe440 of 62 bytes failed: Only part of a ReadProcessMemory or WriteProcessMemory request was completed. (0x12B)
[1008/140156.474:ERROR:process_memory_win.cc(73)] ReadMemory at 0x3ffe488 of 60 bytes failed: Only part of a ReadProcessMemory or WriteProcessMemory request was completed. (0x12B)
[1008/140156.833:ERROR:process_memory_win.cc(73)] ReadMemory at 0x40001b8 of 72 bytes failed: Only part of a ReadProcessMemory or WriteProcessMemory request was completed. (0x12B)
[1008/140156.833:ERROR:process_memory_win.cc(73)] ReadMemory at 0x4000260 of 72 bytes failed: Only part of a ReadProcessMemory or WriteProcessMemory request was completed. (0x12B)
[1008/140156.833:ERROR:process_memory_win.cc(73)] ReadMemory at 0x4000b90 of 72 bytes failed: Only part of a ReadProcessMemory or WriteProcessMemory request was completed. (0x12B)
[1008/140156.874:ERROR:process_memory_win.cc(73)] ReadMemory at 0x4003a58 of 64 bytes failed: Only part of a ReadProcessMemory or WriteProcessMemory request was completed. (0x12B)
[1008/140156.874:ERROR:process_memory_win.cc(73)] ReadMemory at 0x4003aa8 of 64 bytes failed: Only part of a ReadProcessMemory or WriteProcessMemory request was completed. (0x12B)
[1008/140156.874:ERROR:process_memory_win.cc(73)] ReadMemory at 0x4003af8 of 64 bytes failed: Only part of a ReadProcessMemory or WriteProcessMemory request was completed. (0x12B)
[1008/140156.874:ERROR:process_memory_win.cc(73)] ReadMemory at 0x4003b48 of 64 bytes failed: Only part of a ReadProcessMemory or WriteProcessMemory request was completed. (0x12B)
[1008/140156.874:ERROR:process_memory_win.cc(73)] ReadMemory at 0x4003c88 of 64 bytes failed: Only part of a ReadProcessMemory or WriteProcessMemory request was completed. (0x12B)
[1008/140156.874:ERROR:process_memory_win.cc(73)] ReadMemory at 0x4003e18 of 64 bytes failed: Only part of a ReadProcessMemory or WriteProcessMemory request was completed. (0x12B)
[1008/140156.874:ERROR:process_memory_win.cc(73)] ReadMemory at 0x4003f08 of 66 bytes failed: Only part of a ReadProcessMemory or WriteProcessMemory request was completed. (0x12B)
[1008/140157.025:ERROR:process_memory_win.cc(73)] ReadMemory at 0x4004188 of 64 bytes failed: Only part of a ReadProcessMemory or WriteProcessMemory request was completed. (0x12B)
[1008/140157.025:ERROR:process_memory_win.cc(73)] ReadMemory at 0x4007120 of 60 bytes failed: Only part of a ReadProcessMemory or WriteProcessMemory request was completed. (0x12B)
[1008/140157.025:ERROR:process_memory_win.cc(73)] ReadMemory at 0x4007168 of 62 bytes failed: Only part of a ReadProcessMemory or WriteProcessMemory request was completed. (0x12B)
[1008/140157.025:ERROR:process_memory_win.cc(73)] ReadMemory at 0x40071b0 of 62 bytes failed: Only part of a ReadProcessMemory or WriteProcessMemory request was completed. (0x12B)
[1008/140157.025:ERROR:process_memory_win.cc(73)] ReadMemory at 0x40071f8 of 60 bytes failed: Only part of a ReadProcessMemory or WriteProcessMemory request was completed. (0x12B)
[1008/140157.025:ERROR:process_memory_win.cc(73)] ReadMemory at 0x4007240 of 62 bytes failed: Only part of a ReadProcessMemory or WriteProcessMemory request was completed. (0x12B)
[1008/140157.025:ERROR:process_memory_win.cc(73)] ReadMemory at 0x4007288 of 60 bytes failed: Only part of a ReadProcessMemory or WriteProcessMemory request was completed. (0x12B)
[1008/140157.025:ERROR:process_memory_win.cc(73)] ReadMemory at 0x40072d0 of 62 bytes failed: Only part of a ReadProcessMemory or WriteProcessMemory request was completed. (0x12B)
[1008/140157.025:ERROR:process_memory_win.cc(73)] ReadMemory at 0x4007360 of 58 bytes failed: Only part of a ReadProcessMemory or WriteProcessMemory request was completed. (0x12B)
[1008/140157.025:ERROR:process_memory_win.cc(73)] ReadMemory at 0x40073a8 of 62 bytes failed: Only part of a ReadProcessMemory or WriteProcessMemory request was completed. (0x12B)
[1008/140157.026:ERROR:process_memory_win.cc(73)] ReadMemory at 0x40073f0 of 60 bytes failed: Only part of a ReadProcessMemory or WriteProcessMemory request was completed. (0x12B)
[1008/140157.026:ERROR:process_memory_win.cc(73)] ReadMemory at 0x4007438 of 58 bytes failed: Only part of a ReadProcessMemory or WriteProcessMemory request was completed. (0x12B)
[1008/140157.026:ERROR:process_memory_win.cc(73)] ReadMemory at 0x4007480 of 62 bytes failed: Only part of a ReadProcessMemory or WriteProcessMemory request was completed. (0x12B)
[1008/140157.252:ERROR:process_memory_win.cc(73)] ReadMemory at 0x40074c8 of 58 bytes failed: Only part of a ReadProcessMemory or WriteProcessMemory request was completed. (0x12B)
[1008/140157.252:ERROR:process_memory_win.cc(73)] ReadMemory at 0x4007510 of 60 bytes failed: Only part of a ReadProcessMemory or WriteProcessMemory request was completed. (0x12B)
[1008/140157.252:ERROR:process_memory_win.cc(73)] ReadMemory at 0x4007558 of 62 bytes failed: Only part of a ReadProcessMemory or WriteProcessMemory request was completed. (0x12B)
[1008/140157.253:ERROR:process_memory_win.cc(73)] ReadMemory at 0x40075e8 of 62 bytes failed: Only part of a ReadProcessMemory or WriteProcessMemory request was completed. (0x12B)
[1008/140157.253:ERROR:process_memory_win.cc(73)] ReadMemory at 0x4007630 of 58 bytes failed: Only part of a ReadProcessMemory or WriteProcessMemory request was completed. (0x12B)
[1008/140157.253:ERROR:process_memory_win.cc(73)] ReadMemory at 0x4007678 of 62 bytes failed: Only part of a ReadProcessMemory or WriteProcessMemory request was completed. (0x12B)
[1008/140157.253:ERROR:process_memory_win.cc(73)] ReadMemory at 0x40076c0 of 60 bytes failed: Only part of a ReadProcessMemory or WriteProcessMemory request was completed. (0x12B)
[1008/140157.253:ERROR:process_memory_win.cc(73)] ReadMemory at 0x4007708 of 60 bytes failed: Only part of a ReadProcessMemory or WriteProcessMemory request was completed. (0x12B)
[1008/140157.253:ERROR:process_memory_win.cc(73)] ReadMemory at 0x4007750 of 60 bytes failed: Only part of a ReadProcessMemory or WriteProcessMemory request was completed. (0x12B)
[1008/140157.253:ERROR:process_memory_win.cc(73)] ReadMemory at 0x4011fe8 of 134 bytes failed: Only part of a ReadProcessMemory or WriteProcessMemory request was completed. (0x12B)
[1008/140157.253:ERROR:process_memory_win.cc(73)] ReadMemory at 0x4015d48 of 72 bytes failed: Only part of a ReadProcessMemory or WriteProcessMemory request was completed. (0x12B)
[1008/140157.253:ERROR:process_memory_win.cc(73)] ReadMemory at 0x4015df0 of 72 bytes failed: Only part of a ReadProcessMemory or WriteProcessMemory request was completed. (0x12B)
[1008/140157.253:ERROR:process_memory_win.cc(73)] ReadMemory at 0x4015e98 of 72 bytes failed: Only part of a ReadProcessMemory or WriteProcessMemory request was completed. (0x12B)
[1008/140157.253:ERROR:process_memory_win.cc(73)] ReadMemory at 0x4015f40 of 72 bytes failed: Only part of a ReadProcessMemory or WriteProcessMemory request was completed. (0x12B)
[1008/140157.253:ERROR:process_memory_win.cc(73)] ReadMemory at 0x4015fe8 of 72 bytes failed: Only part of a ReadProcessMemory or WriteProcessMemory request was completed. (0x12B)
[1008/140157.253:ERROR:process_memory_win.cc(73)] ReadMemory at 0x4016090 of 72 bytes failed: Only part of a ReadProcessMemory or WriteProcessMemory request was completed. (0x12B)
[1008/140157.253:ERROR:process_memory_win.cc(73)] ReadMemory at 0x4016138 of 72 bytes failed: Only part of a ReadProcessMemory or WriteProcessMemory request was completed. (0x12B)
[1008/140157.253:ERROR:process_memory_win.cc(73)] ReadMemory at 0x40161e0 of 72 bytes failed: Only part of a ReadProcessMemory or WriteProcessMemory request was completed. (0x12B)
[1008/140157.253:ERROR:process_memory_win.cc(73)] ReadMemory at 0x4016288 of 72 bytes failed: Only part of a ReadProcessMemory or WriteProcessMemory request was completed. (0x12B)
[1008/140157.253:ERROR:process_memory_win.cc(73)] ReadMemory at 0x4016330 of 72 bytes failed: Only part of a ReadProcessMemory or WriteProcessMemory request was completed. (0x12B)
[1008/140157.253:ERROR:process_memory_win.cc(73)] ReadMemory at 0x40163d8 of 72 bytes failed: Only part of a ReadProcessMemory or WriteProcessMemory request was completed. (0x12B)
[1008/140157.254:ERROR:process_memory_win.cc(73)] ReadMemory at 0x4016480 of 72 bytes failed: Only part of a ReadProcessMemory or WriteProcessMemory request was completed. (0x12B)
[1008/140157.254:ERROR:process_memory_win.cc(73)] ReadMemory at 0x4016528 of 72 bytes failed: Only part of a ReadProcessMemory or WriteProcessMemory request was completed. (0x12B)
[1008/140157.254:ERROR:process_memory_win.cc(73)] ReadMemory at 0x40165d0 of 72 bytes failed: Only part of a ReadProcessMemory or WriteProcessMemory request was completed. (0x12B)
[1008/140157.254:ERROR:process_memory_win.cc(73)] ReadMemory at 0x4016678 of 72 bytes failed: Only part of a ReadProcessMemory or WriteProcessMemory request was completed. (0x12B)
[1008/140157.254:ERROR:process_memory_win.cc(73)] ReadMemory at 0x4016720 of 72 bytes failed: Only part of a ReadProcessMemory or WriteProcessMemory request was completed. (0x12B)
[1008/140157.254:ERROR:process_memory_win.cc(73)] ReadMemory at 0x40167c8 of 72 bytes failed: Only part of a ReadProcessMemory or WriteProcessMemory request was completed. (0x12B)
[1008/140157.254:ERROR:process_memory_win.cc(73)] ReadMemory at 0x4016870 of 72 bytes failed: Only part of a ReadProcessMemory or WriteProcessMemory request was completed. (0x12B)
[1008/140157.254:ERROR:process_memory_win.cc(73)] ReadMemory at 0x4016918 of 72 bytes failed: Only part of a ReadProcessMemory or WriteProcessMemory request was completed. (0x12B)
[1008/140157.254:ERROR:process_memory_win.cc(73)] ReadMemory at 0x40169c0 of 72 bytes failed: Only part of a ReadProcessMemory or WriteProcessMemory request was completed. (0x12B)
[1008/140157.254:ERROR:process_memory_win.cc(73)] ReadMemory at 0x4016a68 of 72 bytes failed: Only part of a ReadProcessMemory or WriteProcessMemory request was completed. (0x12B)
[1008/140157.254:ERROR:process_memory_win.cc(73)] ReadMemory at 0x4016b10 of 72 bytes failed: Only part of a ReadProcessMemory or WriteProcessMemory request was completed. (0x12B)
[1008/140157.254:ERROR:process_memory_win.cc(73)] ReadMemory at 0x4016bb8 of 72 bytes failed: Only part of a ReadProcessMemory or WriteProcessMemory request was completed. (0x12B)
[1008/140157.254:ERROR:process_memory_win.cc(73)] ReadMemory at 0x4018d80 of 80 bytes failed: Only part of a ReadProcessMemory or WriteProcessMemory request was completed. (0x12B)
[1008/140157.254:ERROR:process_memory_win.cc(73)] ReadMemory at 0x40190e0 of 80 bytes failed: Only part of a ReadProcessMemory or WriteProcessMemory request was completed. (0x12B)
[1008/140157.254:ERROR:process_memory_win.cc(73)] ReadMemory at 0x401a5c8 of 54 bytes failed: Only part of a ReadProcessMemory or WriteProcessMemory request was completed. (0x12B)
[1008/140157.255:ERROR:process_memory_win.cc(73)] ReadMemory at 0x401b4b0 of 72 bytes failed: Only part of a ReadProcessMemory or WriteProcessMemory request was completed. (0x12B)
[1008/140157.255:ERROR:process_memory_win.cc(73)] ReadMemory at 0x401b750 of 72 bytes failed: Only part of a ReadProcessMemory or WriteProcessMemory request was completed. (0x12B)
[1008/140157.255:ERROR:process_memory_win.cc(73)] ReadMemory at 0x401b7f8 of 72 bytes failed: Only part of a ReadProcessMemory or WriteProcessMemory request was completed. (0x12B)
[1008/140157.255:ERROR:process_memory_win.cc(73)] ReadMemory at 0x401b8a0 of 72 bytes failed: Only part of a ReadProcessMemory or WriteProcessMemory request was completed. (0x12B)
[1008/140157.255:ERROR:process_memory_win.cc(73)] ReadMemory at 0x401b948 of 72 bytes failed: Only part of a ReadProcessMemory or WriteProcessMemory request was completed. (0x12B)
[1008/140157.255:ERROR:process_memory_win.cc(73)] ReadMemory at 0x401bf30 of 72 bytes failed: Only part of a ReadProcessMemory or WriteProcessMemory request was completed. (0x12B)
[1008/140157.255:ERROR:process_memory_win.cc(73)] ReadMemory at 0x401c018 of 512 bytes failed: Only part of a ReadProcessMemory or WriteProcessMemory request was completed. (0x12B)
[1008/140157.255:ERROR:process_memory_win.cc(73)] ReadMemory at 0x401c278 of 72 bytes failed: Only part of a ReadProcessMemory or WriteProcessMemory request was completed. (0x12B)
[1008/140157.255:ERROR:process_memory_win.cc(73)] ReadMemory at 0x401c3c8 of 72 bytes failed: Only part of a ReadProcessMemory or WriteProcessMemory request was completed. (0x12B)
[1008/140157.255:ERROR:process_memory_win.cc(73)] ReadMemory at 0x401c470 of 72 bytes failed: Only part of a ReadProcessMemory or WriteProcessMemory request was completed. (0x12B)
[1008/140157.314:ERROR:process_memory_win.cc(73)] ReadMemory at 0x401c5c0 of 72 bytes failed: Only part of a ReadProcessMemory or WriteProcessMemory request was completed. (0x12B)
[1008/140157.314:ERROR:process_memory_win.cc(73)] ReadMemory at 0x4022520 of 58 bytes failed: Only part of a ReadProcessMemory or WriteProcessMemory request was completed. (0x12B)
[1008/140157.314:ERROR:process_memory_win.cc(73)] ReadMemory at 0x403ffa0 of 512 bytes failed: Only part of a ReadProcessMemory or WriteProcessMemory request was completed. (0x12B)
[1008/140157.335:ERROR:process_memory_win.cc(73)] ReadMemory at 0x4061080 of 512 bytes failed: Only part of a ReadProcessMemory or WriteProcessMemory request was completed. (0x12B)
[1008/140157.335:ERROR:process_memory_win.cc(73)] ReadMemory at 0x4078348 of 512 bytes failed: Only part of a ReadProcessMemory or WriteProcessMemory request was completed. (0x12B)
[1008/140157.335:ERROR:process_memory_win.cc(73)] ReadMemory at 0x4080ab0 of 512 bytes failed: Only part of a ReadProcessMemory or WriteProcessMemory request was completed. (0x12B)
[1008/140157.335:ERROR:process_memory_win.cc(73)] ReadMemory at 0x4084c88 of 512 bytes failed: Only part of a ReadProcessMemory or WriteProcessMemory request was completed. (0x12B)
[1008/140157.512:ERROR:process_memory_win.cc(73)] ReadMemory at 0x5a98060 of 512 bytes failed: Only part of a ReadProcessMemory or WriteProcessMemory request was completed. (0x12B)
[1008/140157.512:ERROR:process_memory_win.cc(73)] ReadMemory at 0x64de73a of 530 bytes failed: Only part of a ReadProcessMemory or WriteProcessMemory request was completed. (0x12B)
[1008/140157.513:ERROR:process_memory_win.cc(73)] ReadMemory at 0x64f4200 of 512 bytes failed: Only part of a ReadProcessMemory or WriteProcessMemory request was completed. (0x12B)
[1008/140157.513:ERROR:process_memory_win.cc(73)] ReadMemory at 0x6fd0cd0 of 512 bytes failed: Only part of a ReadProcessMemory or WriteProcessMemory request was completed. (0x12B)
[1008/140157.513:ERROR:process_memory_win.cc(73)] ReadMemory at 0x14cd1c60 of 512 bytes failed: Only part of a ReadProcessMemory or WriteProcessMemory request was completed. (0x12B)
[1008/140157.513:ERROR:process_memory_win.cc(73)] ReadMemory at 0x168d5350 of 512 bytes failed: Only part of a ReadProcessMemory or WriteProcessMemory request was completed. (0x12B)
[1008/140157.513:ERROR:process_memory_win.cc(73)] ReadMemory at 0x16944d60 of 512 bytes failed: Only part of a ReadProcessMemory or WriteProcessMemory request was completed. (0x12B)
[1008/140157.513:ERROR:process_memory_win.cc(73)] ReadMemory at 0x16a89b00 of 512 bytes failed: Only part of a ReadProcessMemory or WriteProcessMemory request was completed. (0x12B)
[1008/140157.513:ERROR:process_memory_win.cc(73)] ReadMemory at 0x77856c08 of 18 bytes failed: Only part of a ReadProcessMemory or WriteProcessMemory request was completed. (0x12B)
[1008/140157.513:ERROR:process_memory_win.cc(73)] ReadMemory at 0x778d44d0 of 512 bytes failed: Only part of a ReadProcessMemory or WriteProcessMemory request was completed. (0x12B)
[1008/140157.513:ERROR:process_memory_win.cc(73)] ReadMemory at 0x77957410 of 24 bytes failed: Only part of a ReadProcessMemory or WriteProcessMemory request was completed. (0x12B)
[1008/140157.513:ERROR:process_memory_win.cc(73)] ReadMemory at 0x77957b7c of 32 bytes failed: Only part of a ReadProcessMemory or WriteProcessMemory request was completed. (0x12B)
[1008/140157.513:ERROR:process_memory_win.cc(73)] ReadMemory at 0x77959aa0 of 36 bytes failed: Only part of a ReadProcessMemory or WriteProcessMemory request was completed. (0x12B)
[1008/140157.513:ERROR:process_memory_win.cc(73)] ReadMemory at 0x77a4e1c0 of 512 bytes failed: Only part of a ReadProcessMemory or WriteProcessMemory request was completed. (0x12B)
[1008/140157.513:ERROR:process_memory_win.cc(73)] ReadMemory at 0x77a4e7c0 of 512 bytes failed: Only part of a ReadProcessMemory or WriteProcessMemory request was completed. (0x12B)
[1008/140157.513:ERROR:process_memory_win.cc(73)] ReadMemory at 0x7f813000 of 3992 bytes failed: Only part of a ReadProcessMemory or WriteProcessMemory request was completed. (0x12B)
[1008/140157.513:ERROR:process_memory_win.cc(73)] ReadMemory at 0x7f814000 of 3992 bytes failed: Only part of a ReadProcessMemory or WriteProcessMemory request was completed. (0x12B)
[1008/140157.514:ERROR:process_memory_win.cc(73)] ReadMemory at 0x7f815000 of 3992 bytes failed: Only part of a ReadProcessMemory or WriteProcessMemory request was completed. (0x12B)
[1008/140157.514:ERROR:process_memory_win.cc(73)] ReadMemory at 0x7f816000 of 3992 bytes failed: Only part of a ReadProcessMemory or WriteProcessMemory request was completed. (0x12B)
[1008/140157.514:ERROR:process_memory_win.cc(73)] ReadMemory at 0x7f817000 of 3992 bytes failed: Only part of a ReadProcessMemory or WriteProcessMemory request was completed. (0x12B)
[1008/140157.533:ERROR:process_memory_win.cc(73)] ReadMemory at 0x7f818000 of 3992 bytes failed: Only part of a ReadProcessMemory or WriteProcessMemory request was completed. (0x12B)
[1008/140157.533:ERROR:process_memory_win.cc(73)] ReadMemory at 0x7f819000 of 3992 bytes failed: Only part of a ReadProcessMemory or WriteProcessMemory request was completed. (0x12B)
[1008/140157.533:ERROR:process_memory_win.cc(73)] ReadMemory at 0x7f81a000 of 3992 bytes failed: Only part of a ReadProcessMemory or WriteProcessMemory request was completed. (0x12B)
[1008/140157.533:ERROR:process_memory_win.cc(73)] ReadMemory at 0x7f81b000 of 3992 bytes failed: Only part of a ReadProcessMemory or WriteProcessMemory request was completed. (0x12B)
[1008/140157.555:ERROR:process_memory_win.cc(73)] ReadMemory at 0x7f81c000 of 3992 bytes failed: Only part of a ReadProcessMemory or WriteProcessMemory request was completed. (0x12B)
[1008/140157.595:ERROR:process_memory_win.cc(73)] ReadMemory at 0x7f81d000 of 3992 bytes failed: Only part of a ReadProcessMemory or WriteProcessMemory request was completed. (0x12B)
[1008/140157.595:ERROR:process_memory_win.cc(73)] ReadMemory at 0x7f81e000 of 3992 bytes failed: Only part of a ReadProcessMemory or WriteProcessMemory request was completed. (0x12B)
[1008/140157.595:ERROR:process_memory_win.cc(73)] ReadMemory at 0x7f81f000 of 560 bytes failed: Only part of a ReadProcessMemory or WriteProcessMemory request was completed. (0x12B)
[1008/140202.599:ERROR:scoped_process_suspend.cc(40)] NtResumeProcess: An attempt was made to access an exiting process. (0xc000010a)
